
Test result:
P P X0_Robert-Jordan X01_partner X2_Robert X2_Jordan X3_LEFT
O L X0_Kyocera X01_maker X3_LEFT
O O X0_Palestine-National-Council X01_body X2_Palestine X2_National X2_Council X3_LEFT
null L X0_Saudi-and-Kuwait-administered-Neutral-ZonNNP X01_oil X2_Saudi-and X2_Kuwait-administered X2_Neutral X2_ZonNNP X3_LEFT
null O X0_Brand-Central X01_department X2_Brand X2_Central X3_LEFT
O O X0_Kidde-Incorporated X01_parent X2_Kidde X2_Incorporated X3_LEFT
P P X0_Robert-Strauss X01_co-chairman X2_Robert X2_Strauss X3_LEFT
P P X0_Sanford-I.-Weill X01_score X2_Sanford X2_I. X2_Weill X7_. X3_LEFT
P O X0_Doctor-Hoehn X01_dermatologist X2_Doctor X2_Hoehn X3_LEFT
O L X0_British-Steel-Corporation X01_epitome X2_British X2_Steel X2_Corporation X3_LEFT
P P X0_William-Hudnut X01_mayor X2_William X2_Hudnut X3_LEFT
O P X0_Congress X01_president X3_LEFT
P P X0_Stuart-Berlin X01_friend X2_Stuart X2_Berlin X3_LEFT
L O X0_Menlo-Park X01_headquarters X2_Menlo X2_Park X3_LEFT
P P X0_Jim-Hunt X01_governor X2_Jim X2_Hunt X3_LEFT
O O X0_C.B.S.\/Fox-Video X01_partnership X2_C.B.S.\/Fox X2_Video X7_...\/ X3_LEFT
O L X0_Computervision X01_year X3_LEFT
O O X0_Keidanren X01_group X3_LEFT
O L X0_A.I.C.-Holding-Corporation X01_company X2_A.I.C. X2_Holding X2_Corporation X7_... X3_LEFT
P P X0_Thomas-E.-Petry X01_president X2_Thomas X2_E. X2_Petry X7_. X3_LEFT
P P X0_David-Langness X01_president X2_David X2_Langness X3_LEFT
O O X0_Mariner-Hotel-Corporation X01_company X2_Mariner X2_Hotel X2_Corporation X3_LEFT
L O X0_Chicago X01_summer X3_LEFT
P P X0_James-Blair X01_counsel X2_James X2_Blair X3_LEFT
P P X0_Mike-Smith X01_analyst X2_Mike X2_Smith X3_LEFT
P P X0_Jill-Thompson X01_economist X2_Jill X2_Thompson X3_LEFT
P P X0_Representative-Henry-Gonzalez X01_man X2_Representative X2_Henry X2_Gonzalez X3_LEFT
P P X0_Deacon-Chiu X01_businessman X2_Deacon X2_Chiu X3_LEFT
P P X0_Peter-Canelo X01_strategist X2_Peter X2_Canelo X3_LEFT
O O X0_General-Motors-Corporation X01_Company X2_General X2_Motors X2_Corporation X3_LEFT
P P X0_Lloyd-Bentsen X01_man X2_Lloyd X2_Bentsen X3_LEFT
O O X0_AIDS-Research-Center X01_division X2_AIDS X2_Research X2_Center X3_LEFT
L O X0_California X01_group X3_LEFT
P P X0_Robert-Swanson X01_officer X2_Robert X2_Swanson X3_LEFT
P L X0_New-Hampshire-Governor-John-Sununu X01_confidant X2_New X2_Hampshire X2_Governor X2_John X2_Sununu X3_LEFT
P P X0_George-McCown X01_co-founder X2_George X2_McCown X3_LEFT
O O X0_Shawmut-National-Corporation X01_company X2_Shawmut X2_National X2_Corporation X3_LEFT
null O X0_Queen-Mary X01_liner X2_Queen X2_Mary X3_LEFT
L P X0_San-Antonio X01_concern X2_San X2_Antonio X3_LEFT
P P X0_Gary-Blum X01_attorney X2_Gary X2_Blum X3_LEFT
P P X0_Edward-A.-Brennan X01_chairman X2_Edward X2_A. X2_Brennan X7_. X3_LEFT
P P X0_Allan-Tupken X01_resident X2_Allan X2_Tupken X3_LEFT
L O X0_Arkansas X01_representative X3_LEFT
L O X0_Rocky-Mountain X01_site X2_Rocky X2_Mountain X3_LEFT
null O X0_December X01_deadline X3_LEFT
L O X0_Waukegan X01_facility X3_LEFT
P P X0_Isabel-Sawhill X01_fellow X2_Isabel X2_Sawhill X3_LEFT
P P X0_Maurice-Mann X01_chairman X2_Maurice X2_Mann X3_LEFT
L L X0_Japan X01_% X3_LEFT
L O X0_London X01_agreement X3_LEFT
P P X0_Steven-M.-MacNamara X01_analyst X2_Steven X2_M. X2_MacNamara X7_. X3_LEFT
P P X0_Kevin-O'Connell X01_manager X2_Kevin X2_O'Connell X7_' X3_LEFT
L L X0_New-York-based X01_group X2_New X2_York-based X3_LEFT
P P X0_Abraham-Diskin X01_professor X2_Abraham X2_Diskin X3_LEFT
P P X0_Joseph-R.-Hardiman X01_president X2_Joseph X2_R. X2_Hardiman X7_. X3_LEFT
P P X0_Charles-Skibo X01_president X2_Charles X2_Skibo X3_LEFT
P P X0_Thomas-Tennenbaum X01_attorney X2_Thomas X2_Tennenbaum X3_LEFT
P P X0_Geoffrey-M.-Dixon X01_president X2_Geoffrey X2_M. X2_Dixon X7_. X3_LEFT
O O X0_Shamrock X01_vehicle X3_LEFT
P O X0_Shoshana-Schlack X01_mother X2_Shoshana X2_Schlack X3_LEFT
P P X0_Gere-E.-Grimm X01_president X2_Gere X2_E. X2_Grimm X7_. X3_LEFT
P P X0_Harold-Greenberg X01_officer X2_Harold X2_Greenberg X3_LEFT
P P X0_Richard-S.-Worth X01_creator X2_Richard X2_S. X2_Worth X7_. X3_LEFT
O O X0_Federal-Judicial-Center X01_arm X2_Federal X2_Judicial X2_Center X3_LEFT
O O X0_B.P.-America X01_unit X2_B.P. X2_America X7_.. X3_LEFT
P P X0_John-Gross X01_president X2_John X2_Gross X3_LEFT
null O X0_KOs X01_feat X3_LEFT
P P X0_Bill-J.-Free X01_president X2_Bill X2_J. X2_Free X7_. X3_LEFT
L O X0_Brookfield X01_operator X3_LEFT
O O X0_K.K.R. X01_group X6_ALLCAP2 X7_... X3_LEFT
P P X0_Gerald-Mulligan X01_president X2_Gerald X2_Mulligan X3_LEFT
P P X0_Richard-Darman X01_secretary X2_Richard X2_Darman X3_LEFT
O P X0_Spiegel-Incorporated-Horchow-Mail-OrdeNNP X01_house X2_Spiegel X2_Incorporated X2_Horchow X2_Mail X2_OrdeNNP X3_LEFT
L P X0_La-Jolla X01_company X2_La X2_Jolla X3_LEFT
null O X0_Money-Fund-Report X01_newsletter X2_Money X2_Fund X2_Report X3_LEFT
P P X0_Dale-Durcholz X01_analyst X2_Dale X2_Durcholz X3_LEFT
P P X0_Penn-Kemble X01_official X2_Penn X2_Kemble X3_LEFT
P P X0_James-R.-Birle X01_partner X2_James X2_R. X2_Birle X7_. X3_LEFT
O P X0_F.-Eberstadt X01_firm X2_F. X2_Eberstadt X7_. X3_LEFT
P P X0_Geneva-Overholser X01_member X2_Geneva X2_Overholser X3_LEFT
O O X0_U.S.-Forest-Service X01_counterpart X2_U.S. X2_Forest X2_Service X7_.. X3_LEFT
L O X0_Europe X01_sale X3_LEFT
P P X0_Milton-Maltz X01_chairman X2_Milton X2_Maltz X3_LEFT
P P X0_Hamish-Maxwell X01_chairman X2_Hamish X2_Maxwell X3_LEFT
L O X0_Kansas X01_farmer X3_LEFT
P P X0_Warren-Moulds X01_spokesman X2_Warren X2_Moulds X3_LEFT
P P X0_Jerry-Junkins X01_chairman X2_Jerry X2_Junkins X3_LEFT
null O X0_June X01_discussion X3_LEFT
P P X0_Hisham-Nazer X01_minister X2_Hisham X2_Nazer X3_LEFT
P P X0_Masaya-Itoh X01_analyst X2_Masaya X2_Itoh X3_LEFT
P P X0_Keith-McWalter X01_president X2_Keith X2_McWalter X3_LEFT
P P X0_Gerald-Unterman X01_principal X2_Gerald X2_Unterman X3_LEFT
P P X0_Pierre-Poitras X01_president X2_Pierre X2_Poitras X3_LEFT
O L X0_Monarch-Capital-Corporation X01_company X2_Monarch X2_Capital X2_Corporation X3_LEFT
L P X0_California X01_attorney X3_LEFT
P P X0_David-T.-Hansen X01_officer X2_David X2_T. X2_Hansen X7_. X3_LEFT
P O X0_Judge-Pollack X01_jurist X2_Judge X2_Pollack X3_LEFT
O L X0_BNA X01_house X5_ALLCAP X3_LEFT
P P X0_Warren-Judd X01_president X2_Warren X2_Judd X3_LEFT
P P X0_Jonathan-Fiechter X01_member X2_Jonathan X2_Fiechter X3_LEFT
O L X0_Konica-Corporation X01_% X2_Konica X2_Corporation X3_LEFT
L O X0_Gardez X01_southeast X3_LEFT
O L X0_International-Communications-Association X01_group X2_International X2_Communications X2_Association X3_LEFT
P P X0_Howard-Weitzman X01_attorney X2_Howard X2_Weitzman X3_LEFT
P O X0_Carrie-Harmon X01_spokeswoman X2_Carrie X2_Harmon X3_LEFT
O O X0_Bell-Canada X01_utility X2_Bell X2_Canada X3_LEFT
P P X0_Jay-Geller X01_attorney X2_Jay X2_Geller X3_LEFT
null O X0_Campaign X01_Choice X3_LEFT
P P X0_Francis-Goranin X01_president X2_Francis X2_Goranin X3_LEFT
P P X0_Donna-Brazile X01_director X2_Donna X2_Brazile X3_LEFT
P P X0_Edward-Eckart X01_councilman X2_Edward X2_Eckart X3_LEFT
null O X0_Chief X01_hog X3_LEFT
P P X0_Marvin-Roffman X01_analyst X2_Marvin X2_Roffman X3_LEFT
O O X0_Landor-Associates X01_firm X2_Landor X2_Associates X3_LEFT
null O X0_Tomb X01_room X3_LEFT
P O X0_Sally-Killgore X01_operator X2_Sally X2_Killgore X3_LEFT
O P X0_Myanma X01_bank X3_LEFT
O P X0_Maple-Leaf-Mills-Limited X01_miller X2_Maple X2_Leaf X2_Mills X2_Limited X3_LEFT
L O X0_California X01_newsletter X3_LEFT
null O X0_Joy X01_Poison X3_LEFT
P P X0_Louis-F.-Bantle X01_chairman X2_Louis X2_F. X2_Bantle X7_. X3_LEFT
P P X0_James-Foster X01_president X2_James X2_Foster X3_LEFT
O O X0_Corporation X01_group X3_LEFT
P P X0_Mr.-Salzinger X01_professor X2_Mr. X2_Salzinger X7_. X3_LEFT
O L X0_Baker-Hughes-Incorporated X01_provider X2_Baker X2_Hughes X2_Incorporated X3_LEFT
P P X0_L.P.-Klamon X01_president X2_L.P. X2_Klamon X7_.. X3_LEFT
L O X0_Quarryville X01_concern X3_LEFT
P P X0_Andrew-Grove X01_president X2_Andrew X2_Grove X3_LEFT
O L X0_Fidelity-Investor-Centers X01_unit X2_Fidelity X2_Investor X2_Centers X3_LEFT
O P X0_Council X01_government X3_LEFT
P P X0_Philip-L.-Smith X01_chairman X2_Philip X2_L. X2_Smith X7_. X3_LEFT
P P X0_Jeffrey-Levi X01_director X2_Jeffrey X2_Levi X3_LEFT
O L X0_Chantal-Pharmaceutical-Incorporated X01_company X2_Chantal X2_Pharmaceutical X2_Incorporated X3_LEFT
null O X0_Celsius X01_Fahrenheit X3_LEFT
L L X0_Waukegan X01_maker X3_LEFT
null O X0_March X01_circulation X3_LEFT
null O X0_Gwizd X01_stallion X3_LEFT
O O X0_Invergordon X01_distiller X3_LEFT
P P X0_Paul-Stuka X01_manager X2_Paul X2_Stuka X3_LEFT
P P X0_Wilbur-Prezzano X01_manager X2_Wilbur X2_Prezzano X3_LEFT
P P X0_James-Dahl X01_aide X2_James X2_Dahl X3_LEFT
P O X0_Heinz-Juergen-Schaefer X01_broker X2_Heinz-Juergen X2_Schaefer X3_LEFT
O O X0_Environmental-Action X01_group X2_Environmental X2_Action X3_LEFT
P P X0_John-Logsdon X01_head X2_John X2_Logsdon X3_LEFT
L O X0_Japan X01_kind X3_LEFT
O O X0_Van-Kasper X01_firm X2_Van X2_Kasper X3_LEFT
O O X0_California-State-Bar X01_association X2_California X2_State X2_Bar X3_LEFT
P P X0_Gary-Tiepelman X01_provider X2_Gary X2_Tiepelman X3_LEFT
P P X0_Gerald-W.-Gilbert X01_president X2_Gerald X2_W. X2_Gilbert X7_. X3_LEFT
P P X0_Fred-W.-Wasserman X01_wife X2_Fred X2_W. X2_Wasserman X7_. X3_LEFT
P P X0_Mr.-Wilson X01_chairman X2_Mr. X2_Wilson X7_. X3_LEFT
O O X0_J.B.-Poindexter X01_group X2_J.B. X2_Poindexter X7_.. X3_LEFT
P O X0_Norm-Magnusson X01_copywriter X2_Norm X2_Magnusson X3_LEFT
P P X0_Walter-T.-Rossi X01_president X2_Walter X2_T. X2_Rossi X7_. X3_LEFT
P L X0_Gordon-Campbell X01_executive X2_Gordon X2_Campbell X3_LEFT
P P X0_Kathleen-Ford X01_widow X2_Kathleen X2_Ford X3_LEFT
P P X0_Patrick-Allen X01_analyst X2_Patrick X2_Allen X3_LEFT
O O X0_Anheuser-Busch X01_Company X3_LEFT
P P X0_Alan-Hollander X01_lawyer X2_Alan X2_Hollander X3_LEFT
P P X0_RICO.-Paul-Grand X01_attorney X2_RICO. X2_Paul X2_Grand X7_. X3_LEFT
P P X0_Hemant-K.-Shah X01_analyst X2_Hemant X2_K. X2_Shah X7_. X3_LEFT
P O X0_Larry-Fitzgerald X01_agency X2_Larry X2_Fitzgerald X3_LEFT
O P X0_Roberts X01_specialist X3_LEFT
P P X0_Jose-Concepcion-Posados X01_head X2_Jose X2_Concepcion X2_Posados X3_LEFT
P P X0_Joel-Segal X01_executive X2_Joel X2_Segal X3_LEFT
L L X0_British-Columbia X01_producer X2_British X2_Columbia X3_LEFT
O O X0_Freeport-McMoRan-Incorporated X01_concern X2_Freeport-McMoRan X2_Incorporated X3_LEFT
P P X0_Mr.-Senner X01_teacher X2_Mr. X2_Senner X7_. X3_LEFT
P P X0_James-W.-Durham X01_counsel X2_James X2_W. X2_Durham X7_. X3_LEFT
P P X0_James-J.-McLaughlin X01_president X2_James X2_J. X2_McLaughlin X7_. X3_LEFT
P P X0_Robert-Martin X01_official X2_Robert X2_Martin X3_LEFT
P P X0_Malcolm-A.-Hoffman X01_attorney X2_Malcolm X2_A. X2_Hoffman X7_. X3_LEFT
O L X0_Democrats X01_% X3_LEFT
P P X0_Roberto-Calvi X01_chairman X2_Roberto X2_Calvi X3_LEFT
P P X0_Phil-Anastasi X01_member X2_Phil X2_Anastasi X3_LEFT
O O X0_Sears X01_retailer X3_LEFT
P P X0_Mr.-Sullivan X01_playwright X2_Mr. X2_Sullivan X7_. X3_LEFT
O P X0_K.-mart X01_retailer X2_K. X2_mart X7_. X3_LEFT
P P X0_Bob-Giordano X01_dealer X2_Bob X2_Giordano X3_LEFT
O L X0_Tractebel-S.A. X01_company X2_Tractebel X2_S.A. X7_.. X3_LEFT
P P X0_Peter-Vidmar X01_member X2_Peter X2_Vidmar X3_LEFT
null O X0_Saudis X01_Japanese X3_LEFT
O O X0_GDL-Capital-Partners X01_unit X2_GDL X2_Capital X2_Partners X3_LEFT
P P X0_Mr.-Ise X01_magnate X2_Mr. X2_Ise X7_. X3_LEFT
null O X0_Nun X01_painter X3_LEFT
O O X0_Varity-Corporation X01_concern X2_Varity X2_Corporation X3_LEFT
O L X0_Ferruzzi-Finanziaria X01_company X2_Ferruzzi X2_Finanziaria X3_LEFT
O L X0_Honeywell-Bull-Incorporated X01_company X2_Honeywell X2_Bull X2_Incorporated X3_LEFT
P P X0_Angelo-Dundee X01_trainer X2_Angelo X2_Dundee X3_LEFT
P P X0_David-Ruder X01_chairman X2_David X2_Ruder X3_LEFT
null O X0_August X01_profit X3_LEFT
P P X0_Joseph-W.-Duncan X01_economist X2_Joseph X2_W. X2_Duncan X7_. X3_LEFT
P P X0_Edward-Godfrey X01_president X2_Edward X2_Godfrey X3_LEFT
P P X0_Joe-Plumeri X01_president X2_Joe X2_Plumeri X3_LEFT
O O X0_Damon X01_operator X3_LEFT
P P X0_John-Busby X01_president X2_John X2_Busby X3_LEFT
null O X0_V.S.A.T. X01_technology X6_ALLCAP2 X7_.... X3_LEFT
P P X0_Jonathan-Hodgkin X01_analyst X2_Jonathan X2_Hodgkin X3_LEFT
L L X0_Stamford X01_maker X3_LEFT
P P X0_Walter-Williams X01_manager X2_Walter X2_Williams X3_LEFT
P P X0_L.-Boksen X01_analyst X2_L. X2_Boksen X7_. X3_LEFT
O O X0_Manafort X01_firm X3_LEFT
P P X0_Winston-Porter X01_head X2_Winston X2_Porter X3_LEFT
P P X0_Steven-A.-Torok X01_director X2_Steven X2_A. X2_Torok X7_. X3_LEFT
null P X0_the X01_officer X3_LEFT
O L X0_Apple-Computer-Incorporated X01_company X2_Apple X2_Computer X2_Incorporated X3_LEFT
P P X0_Mr.-Smith X01_chairman X2_Mr. X2_Smith X7_. X3_LEFT
O O X0_Hollywood-Park-Realty-Enterprises-IncoNNP X01_trust X2_Hollywood X2_Park X2_Realty X2_Enterprises X2_IncoNNP X3_LEFT
P P X0_Mark-C.-Jordan X01_analyst X2_Mark X2_C. X2_Jordan X7_. X3_LEFT
P P X0_Pasquale-Pistorio X01_president X2_Pasquale X2_Pistorio X3_LEFT
P P X0_M.-Lee-Pearce X01_doctor X2_M. X2_Lee X2_Pearce X7_. X3_LEFT
L O X0_Britain X01_Company X3_LEFT
L O X0_Pittsburgh X01_bureaus X3_LEFT
P P X0_Herbert-D.-Conant X01_chairman X2_Herbert X2_D. X2_Conant X7_. X3_LEFT
P P X0_Edward-Hartmann X01_president X2_Edward X2_Hartmann X3_LEFT
L O X0_Wall-Street X01_market X2_Wall X2_Street X3_LEFT
null O X0_Ja X01_bitte X3_LEFT
O O X0_B.A.T.-Industries-P.L.C. X01_group X2_B.A.T. X2_Industries X2_P.L.C. X7_...... X3_LEFT
P P X0_John-D.-Abernathy X01_chairman X2_John X2_D. X2_Abernathy X7_. X3_LEFT
L O X0_Indianapolis X01_Company X3_LEFT
P P X0_Stephen-Brener X01_consultant X2_Stephen X2_Brener X3_LEFT
P P X0_Martin-Flumenbaum X01_attorney X2_Martin X2_Flumenbaum X3_LEFT
P P X0_Mr.-Regan X01_secretary X2_Mr. X2_Regan X7_. X3_LEFT
O L X0_Cardinal-Investment-Properties-IncorporatNNP X01_offering X2_Cardinal X2_Investment X2_Properties X2_IncorporatNNP X3_LEFT
P P X0_David-Barash X01_maker X2_David X2_Barash X3_LEFT
P P X0_William-Schoen X01_chairman X2_William X2_Schoen X3_LEFT
P P X0_Peter-Cohen X01_chairman X2_Peter X2_Cohen X3_LEFT
null O X0_Friday X01_day X3_LEFT
P P X0_Barry-T.-Linsley X01_executive X2_Barry X2_T. X2_Linsley X7_. X3_LEFT
O O X0_Texas-Air X01_parent X2_Texas X2_Air X3_LEFT
P P X0_Akio-Ishida X01_director X2_Akio X2_Ishida X3_LEFT
O O X0_Banxquote-Online X01_service X2_Banxquote X2_Online X3_LEFT
O O X0_Bergdorf X01_division X3_LEFT
P P X0_Suresh-L.-Bhirud X01_strategist X2_Suresh X2_L. X2_Bhirud X7_. X3_LEFT
P P X0_Jesus-Silva-Herzog X01_minister X2_Jesus X2_Silva X2_Herzog X3_LEFT
O O X0_Diversified X01_concern X3_LEFT
O L X0_United-Scientific-Holdings-P.L.C. X01_company X2_United X2_Scientific X2_Holdings X2_P.L.C. X7_... X3_LEFT
P P X0_Stephen-Barber X01_manager X2_Stephen X2_Barber X3_LEFT
O O X0_Joint-Chiefs X01_staff X2_Joint X2_Chiefs X3_LEFT
L L X0_California X01_chain X3_LEFT
P P X0_Stewart-Gilchrist X01_manager X2_Stewart X2_Gilchrist X3_LEFT
L O X0_Pine-Butte-Preserve X01_area X2_Pine X2_Butte X2_Preserve X3_LEFT
O L X0_Pan-Am-World-Services X01_subsidiary X2_Pan X2_Am X2_World X2_Services X3_LEFT
O L X0_Peltz-Food-Corporation X01_distributor X2_Peltz X2_Food X2_Corporation X3_LEFT
P P X0_Edward-N.-Meyer X01_partner X2_Edward X2_N. X2_Meyer X7_. X3_LEFT
P P X0_Jay-Larsen X01_analyst X2_Jay X2_Larsen X3_LEFT
P O X0_Tom-Dobkowski X01_carpenter X2_Tom X2_Dobkowski X3_LEFT
P P X0_John-Blin X01_director X2_John X2_Blin X3_LEFT
P P X0_Assistant-Attorney-General-Roger-MarzuNNP X01_head X2_Assistant X2_Attorney X2_General X2_Roger X2_MarzuNNP X3_LEFT
O L X0_Farmers X01_company X3_LEFT
P P X0_Paul-Guez X01_head X2_Paul X2_Guez X3_LEFT
O O X0_Kodak X01_unit X3_LEFT
P P X0_Mr.-Minkow X01_defendant X2_Mr. X2_Minkow X7_. X3_LEFT
L P X0_California X01_dealer X3_LEFT
P P X0_Perrin-Long X01_analyst X2_Perrin X2_Long X3_LEFT
O O X0_R.G.-Dickinson X01_house X2_R.G. X2_Dickinson X7_.. X3_LEFT
P P X0_John-C.-Tucker X01_president X2_John X2_C. X2_Tucker X7_. X3_LEFT
O O X0_Chase-Enterprises X01_partner X2_Chase X2_Enterprises X3_LEFT
P P X0_Ron-Kurtz X01_president X2_Ron X2_Kurtz X3_LEFT
P P X0_James-Butera X01_lobbyist X2_James X2_Butera X3_LEFT
O O X0_HEM-Research-Incorporated X01_concern X2_HEM X2_Research X2_Incorporated X3_LEFT
O O X0_Reuters X01_leader X3_LEFT
P P X0_William-Hudnut X01_mayor X2_William X2_Hudnut X3_LEFT
P P X0_Bernard-Friend X01_director X2_Bernard X2_Friend X3_LEFT
P P X0_Ray-Cox X01_president X2_Ray X2_Cox X3_LEFT
P P X0_John-Kerin X01_minister X2_John X2_Kerin X3_LEFT
P P X0_Roger-Ailes X01_man X2_Roger X2_Ailes X3_LEFT
P P X0_John-M.-Zrno X01_president X2_John X2_M. X2_Zrno X7_. X3_LEFT
P P X0_Peter-Morrell X01_head X2_Peter X2_Morrell X3_LEFT
P P X0_Dale-Robertson X01_chief X2_Dale X2_Robertson X3_LEFT
L O X0_D.C. X01_office X6_ALLCAP2 X7_.. X3_LEFT
P O X0_President-Reagan X01_seat X2_President X2_Reagan X3_LEFT
O O X0_Kloster-Madsen-Incorporated X01_firm X2_Kloster-Madsen X2_Incorporated X3_LEFT
O L X0_Venture-Advisers-Incorporated X01_Company X2_Venture X2_Advisers X2_Incorporated X3_LEFT
O L X0_MERRILL-LYNCH-READY-ASSETS-TRUST X01_% X2_MERRILL X2_LYNCH X2_READY X2_ASSETS X2_TRUST X3_LEFT
O O X0_Canarim-Investment-Corporation X01_house X2_Canarim X2_Investment X2_Corporation X3_LEFT
O O X0_Vestar X01_group X3_LEFT
P P X0_Elliott-Novak X01_consultant X2_Elliott X2_Novak X3_LEFT
P P X0_William-Sulya X01_trader X2_William X2_Sulya X3_LEFT
P P X0_Ronald-Carstairs X01_manager X2_Ronald X2_Carstairs X3_LEFT
P P X0_Shigemi-Kono X01_general X2_Shigemi X2_Kono X3_LEFT
O O X0_Pharmaceutical-Manufacturers-Association X01_group X2_Pharmaceutical X2_Manufacturers X2_Association X3_LEFT
P P X0_James-Lewis X01_president X2_James X2_Lewis X3_LEFT
P P X0_Iftikhar-Ayoub X01_head X2_Iftikhar X2_Ayoub X3_LEFT
P P X0_Fred-Scala X01_trader X2_Fred X2_Scala X3_LEFT
O O X0_Orange-co X01_processor X3_LEFT
P L X0_Taylor-Hackford X01_co-chairman X2_Taylor X2_Hackford X3_LEFT
P P X0_John-Zbesko X01_president X2_John X2_Zbesko X3_LEFT
O O X0_K.G.B. X01_police X6_ALLCAP2 X7_... X3_LEFT
null O X0_August X01_auction X3_LEFT
P P X0_Mara-Balsbaugh X01_analyst X2_Mara X2_Balsbaugh X3_LEFT
L L X0_Freeport X01_maker X3_LEFT
P P X0_Dale-Milner X01_manager X2_Dale X2_Milner X3_LEFT
O O X0_Revco X01_operator X3_LEFT
L O X0_N.Y. X01_concern X6_ALLCAP2 X7_.. X3_LEFT
P P X0_Anthony-M.-Steele X01_chairman X2_Anthony X2_M. X2_Steele X7_. X3_LEFT
O O X0_B.B.D.O.-Worldwide X01_unit X2_B.B.D.O. X2_Worldwide X7_.... X3_LEFT
L O X0_Rochester X01_Company X3_LEFT
P P X0_Sir-James-Goldsmith X01_financier X2_Sir X2_James X2_Goldsmith X3_LEFT
O L X0_Oakite X01_maker X3_LEFT
O O X0_General-Motors-Corporation X01_Company X2_General X2_Motors X2_Corporation X3_LEFT
null O X0_Esprit X01_program X3_LEFT
P P X0_Andrew-Quigley X01_member X2_Andrew X2_Quigley X3_LEFT
P O X0_Brian-Callahan X01_broker X2_Brian X2_Callahan X3_LEFT
P P X0_Benjamin-L.-Hooks X01_director X2_Benjamin X2_L. X2_Hooks X7_. X3_LEFT
O L X0_A.B.I. X01_vendor X6_ALLCAP2 X7_... X3_LEFT
P P X0_Paul-Montrone X01_president X2_Paul X2_Montrone X3_LEFT
O L X0_Farmers X01_company X3_LEFT
O L X0_Olympia X01_company X3_LEFT
P P X0_John-Coffee X01_professor X2_John X2_Coffee X3_LEFT
O O X0_Alvarez X01_firm X3_LEFT
O O X0_Bracewell X01_firm X3_LEFT
O P X0_Bank X01_bank X3_LEFT
P P X0_Frederick-Cadman X01_director X2_Frederick X2_Cadman X3_LEFT
O O X0_Congress X01_community X3_LEFT
O O X0_Integrated-Circuit-Engineering-CorporatioNNP X01_firm X2_Integrated X2_Circuit X2_Engineering X2_CorporatioNNP X3_LEFT
P P X0_Eric-J.-Topol X01_physician X2_Eric X2_J. X2_Topol X7_. X3_LEFT
O O X0_Wedtech X01_contractor X3_LEFT
P P X0_Walter-Shea X01_chief X2_Walter X2_Shea X3_LEFT
P P X0_Hugh-MacDiarmid X01_president X2_Hugh X2_MacDiarmid X3_LEFT
P P X0_Sandy-Sulcer X01_director X2_Sandy X2_Sulcer X3_LEFT
O O X0_LandVest-Incorporated X01_concern X2_LandVest X2_Incorporated X3_LEFT
L P X0_Canada. X01_report X7_. X3_LEFT
P P X0_John-Cornwell X01_analyst X2_John X2_Cornwell X3_LEFT
O O X0_Anacomp X01_concern X3_LEFT
null O X0_Aug X01_week X3_LEFT
O O X0_Backer X01_unit X3_LEFT
O L X0_Grumman-Data-Systems X01_unit X2_Grumman X2_Data X2_Systems X3_LEFT
P P X0_Phil-Bakes X01_president X2_Phil X2_Bakes X3_LEFT
P P X0_William-Stoops X01_manager X2_William X2_Stoops X3_LEFT
O L X0_Chyron-Corporation X01_maker X2_Chyron X2_Corporation X3_LEFT
O O X0_Southampton-Association X01_group X2_Southampton X2_Association X3_LEFT
P P X0_Karla-Scherer-Fink X01_shareholder X2_Karla X2_Scherer X2_Fink X3_LEFT
P P X0_Frank-Newman X01_officer X2_Frank X2_Newman X3_LEFT
P P X0_Werner-Poschenrieder X01_head X2_Werner X2_Poschenrieder X3_LEFT
P P X0_Neil-Ratliff X01_head X2_Neil X2_Ratliff X3_LEFT
null O X0_Country-Music X01_Tradition X2_Country X2_Music X3_LEFT
P P X0_Leonard-Kasle X01_chairman X2_Leonard X2_Kasle X3_LEFT
P P X0_Charles-Sanford X01_chairman X2_Charles X2_Sanford X3_LEFT
P P X0_Jackie-Kimzey X01_president X2_Jackie X2_Kimzey X3_LEFT
P P X0_Paul-B.-Ting X01_analyst X2_Paul X2_B. X2_Ting X7_. X3_LEFT
P P X0_Ms.-Hale X01_planner X2_Ms. X2_Hale X7_. X3_LEFT
P P X0_Ko-Morita X01_president X2_Ko X2_Morita X3_LEFT
L O X0_Florida X01_investment X3_LEFT
O L X0_A.E.G.A.G. X01_company X6_ALLCAP2 X7_..... X3_LEFT
P P X0_Alan-D.-Browning X01_officer X2_Alan X2_D. X2_Browning X7_. X3_LEFT
P P X0_Mark-Saunders X01_official X2_Mark X2_Saunders X3_LEFT
P P X0_Mr.-Meese X01_wife X2_Mr. X2_Meese X7_. X3_LEFT
P P X0_Pat-McGrath X01_president X2_Pat X2_McGrath X3_LEFT
P P X0_Arthur-P.-Haag X01_president X2_Arthur X2_P. X2_Haag X7_. X3_LEFT
P P X0_Frederick-P.-Salvucci X01_secretary X2_Frederick X2_P. X2_Salvucci X7_. X3_LEFT
P P X0_Robert-Dederick X01_economist X2_Robert X2_Dederick X3_LEFT
P P X0_Anthony-Karydakis X01_economist X2_Anthony X2_Karydakis X3_LEFT
O O X0_Mitsui-Towers X01_building X2_Mitsui X2_Towers X3_LEFT
P P X0_Mr.-Chevalier X01_chairman X2_Mr. X2_Chevalier X7_. X3_LEFT
O P X0_N.C.N.B.-Corporation X01_bank X2_N.C.N.B. X2_Corporation X7_.... X3_LEFT
O L X0_R.J.R.-Nabisco-Incorporated X01_company X2_R.J.R. X2_Nabisco X2_Incorporated X7_... X3_LEFT
P P X0_ROBERT-J.-VAIRO X01_president X2_ROBERT X2_J. X2_VAIRO X7_. X3_LEFT
P P X0_Mr.-Sherman X01_supporter X2_Mr. X2_Sherman X7_. X3_LEFT
P P X0_Ralph-James X01_director X2_Ralph X2_James X3_LEFT
P P X0_Jim-Groves X01_spokesman X2_Jim X2_Groves X3_LEFT
null O X0_Moslems X01_minority X3_LEFT
P P X0_Mr.-Ray X01_researcher X2_Mr. X2_Ray X7_. X3_LEFT
null O X0_DepoProvera X01_compound X3_LEFT
P P X0_Simon-Smithson X01_manager X2_Simon X2_Smithson X3_LEFT
P P X0_James-Rocap X01_attorney X2_James X2_Rocap X3_LEFT
P P X0_Ron-Smithies X01_president X2_Ron X2_Smithies X3_LEFT
L O X0_Cocoa-Beach X01_taxpayer X2_Cocoa X2_Beach X3_LEFT
P P X0_John-P.-LaWare X01_banker X2_John X2_P. X2_LaWare X7_. X3_LEFT
O O X0_N.A.S.D. X01_body X6_ALLCAP2 X7_.... X3_LEFT
P P X0_Mr.-Warner X01_ambassador X2_Mr. X2_Warner X7_. X3_LEFT
O L X0_Karibu X01_company X3_LEFT
L L X0_Japan X01_% X3_LEFT
L O X0_London X01_police X3_LEFT
P P X0_Moses-Shapiro X01_director X2_Moses X2_Shapiro X3_LEFT
L O X0_California X01_school X3_LEFT
P P X0_Mr.-Salinas X01_minister X2_Mr. X2_Salinas X7_. X3_LEFT
L L X0_Cleveland X01_supplier X3_LEFT
P P X0_Rene-Charvillat X01_executive X2_Rene X2_Charvillat X3_LEFT
P P X0_Effi-Barry X01_wife X2_Effi X2_Barry X3_LEFT
L O X0_Cermak-Road X01_west X2_Cermak X2_Road X3_LEFT
P P X0_Antonio-Bustamante X01_director X2_Antonio X2_Bustamante X3_LEFT
P P X0_Glen-F.-Post-the X01_president X2_Glen X2_F. X2_Post X2_the X7_. X3_LEFT
O P X0_ERA-Real-Estate-Incorporated X01_firm X2_ERA X2_Real X2_Estate X2_Incorporated X3_LEFT
O L X0_MERRILL-LYNCH-READY-ASSETS-TRUST X01_% X2_MERRILL X2_LYNCH X2_READY X2_ASSETS X2_TRUST X3_LEFT
O L X0_American-Power-Conversion-Corporation X01_offering X2_American X2_Power X2_Conversion X2_Corporation X3_LEFT
O L X0_Lawrence-Pharmaceuticals-Incorporated X01_distributor X2_Lawrence X2_Pharmaceuticals X2_Incorporated X3_LEFT
L L X0_Canada X01_% X3_LEFT
P P X0_John-M.-Mazino X01_president X2_John X2_M. X2_Mazino X7_. X3_LEFT
L L X0_Tacoma X01_company X3_LEFT
P O X0_Floyd-Abrams X01_authority X2_Floyd X2_Abrams X3_LEFT
P P X0_Representative-Julian-Dixon X01_chairman X2_Representative X2_Julian X2_Dixon X3_LEFT
O L X0_MERRILL-LYNCH-READY-ASSETS-TRUST X01_% X2_MERRILL X2_LYNCH X2_READY X2_ASSETS X2_TRUST X3_LEFT
O O X0_Prudential-Bache-Securities-Incorporated X01_unit X2_Prudential-Bache X2_Securities X2_Incorporated X3_LEFT
O O X0_PORSCHE-A.G. X01_importer X2_PORSCHE X2_A.G. X7_.. X3_LEFT
P P X0_Donald-H.-DeMeuse X01_president X2_Donald X2_H. X2_DeMeuse X7_. X3_LEFT
L O X0_Chengdu X01_capital X3_LEFT
P P X0_Mr.-Lipnick X01_attorney X2_Mr. X2_Lipnick X7_. X3_LEFT
null O X0_Spot X01_constrictor X3_LEFT
P P X0_Stanford-Brainerd X01_president X2_Stanford X2_Brainerd X3_LEFT
P P X0_Robert-Lerner X01_professor X2_Robert X2_Lerner X3_LEFT
O O X0_Leeds X01_firm X3_LEFT
O O X0_Suchard X01_concern X3_LEFT
P P X0_Bryan-Walker X01_expert X2_Bryan X2_Walker X3_LEFT
P P X0_Mr.-Russolillo X01_surgeon X2_Mr. X2_Russolillo X7_. X3_LEFT
P P X0_Sir-Ralph-Robins X01_director X2_Sir X2_Ralph X2_Robins X3_LEFT
P P X0_Paul-Bernish X01_spokesman X2_Paul X2_Bernish X3_LEFT
P P X0_Robert-Corteway X01_president X2_Robert X2_Corteway X3_LEFT
O L X0_Energy-Information-Investments-Limited X01_company X2_Energy X2_Information X2_Investments X2_Limited X3_LEFT
O O X0_American-Airlines X01_parent X2_American X2_Airlines X3_LEFT
P P X0_Phoebe-Morse X01_director X2_Phoebe X2_Morse X3_LEFT
O L X0_Eaton X01_maker X3_LEFT
P P X0_Tanemichi-Sohma X01_president X2_Tanemichi X2_Sohma X3_LEFT
P O X0_Paul X01_coexist X3_LEFT
P P X0_Robert-Joedicke X01_analyst X2_Robert X2_Joedicke X3_LEFT
P P X0_Michael-Smith X01_secretary X2_Michael X2_Smith X3_LEFT
L P X0_Oklahoma X01_chairman X3_LEFT
P P X0_Walter-Cabot X01_president X2_Walter X2_Cabot X3_LEFT
P P X0_Howard-Levine X01_president X2_Howard X2_Levine X3_LEFT
P P X0_Stanley-Chesley X01_attorney X2_Stanley X2_Chesley X3_LEFT
P P X0_David-Pike X01_economist X2_David X2_Pike X3_LEFT
L P X0_Illinois X01_chairman X3_LEFT
P P X0_Robert-Fries X01_manager X2_Robert X2_Fries X3_LEFT
null O X0_crude-rich-Saudis X01_market X2_crude-rich X2_Saudis X3_LEFT
P P X0_Lance-Shenold X01_president X2_Lance X2_Shenold X3_LEFT
P P X0_Mr.-Epler X01_official X2_Mr. X2_Epler X7_. X3_LEFT
L L X0_Britain X01_% X3_LEFT
O L X0_MERRILL-LYNCH-READY-ASSETS-TRUST X01_% X2_MERRILL X2_LYNCH X2_READY X2_ASSETS X2_TRUST X3_LEFT
P O X0_Kim-In-Ki X01_lawmaker X2_Kim X2_In-Ki X3_LEFT
L P X0_N.Y. X01_member X6_ALLCAP2 X7_.. X3_LEFT
P O X0_Erte X01_ransom X3_LEFT
O O X0_Steptoe X11_partner-at X42_partner X42_at X3_RIGHT
O O X0_National-Association X11_economist-at X2_National X2_Association X42_economist X42_at X3_RIGHT
null O X0_Social-Security X11_capacity-of X2_Social X2_Security X42_capacity X42_of X3_RIGHT
O O X0_Peace X11_spokesman-for X42_spokesman X42_for X3_RIGHT
L O X0_Wichita X11_battery-in X42_battery X42_in X3_RIGHT
O O X0_A.T.&T. X11_company-like X42_company X42_like X7_..&. X3_RIGHT
L L X0_Georgia X11_plant-in X42_plant X42_in X3_RIGHT
O O X0_Merrill-Lynch-Capital-Markets X11_economist-with X2_Merrill X2_Lynch X2_Capital X2_Markets X42_economist X42_with X3_RIGHT
P P X0_Mr.-Bush X11_touch-with X2_Mr. X2_Bush X42_touch X42_with X7_. X3_RIGHT
O O X0_Montgomery-Ward X11_officer-of X2_Montgomery X2_Ward X42_officer X42_of X3_RIGHT
O O X0_Donaldson X11_analyst-at X42_analyst X42_at X3_RIGHT
L O X0_U.S. X11_contact-between X42_contact X42_between X6_ALLCAP2 X7_.. X3_RIGHT
O O X0_Societe-Generale-de-Belgique X11_charge-at X2_Societe X2_Generale X2_de X2_Belgique X42_charge X42_at X3_RIGHT
O O X0_Shearson-Lehman-Hutton X11_analyst-for X2_Shearson X2_Lehman X2_Hutton X42_analyst X42_for X3_RIGHT
O O X0_Serco-Investments X11_manager-at X2_Serco X2_Investments X42_manager X42_at X3_RIGHT
null O X0_August X11_plan-in X42_plan X42_in X3_RIGHT
null O X0_March X11_gain-since X42_gain X42_since X3_RIGHT
null O X0_September X11_increase-in X42_increase X42_in X3_RIGHT
O O X0_Prime X11_officer-of X42_officer X42_of X3_RIGHT
O O X0_First-Interstate-Bancorp X11_unit-of X2_First X2_Interstate X2_Bancorp X42_unit X42_of X3_RIGHT
O O X0_Tokai-University X11_professor-at X2_Tokai X2_University X42_professor X42_at X3_RIGHT
O O X0_Salomon-Brothers-Incorporated X11_strategist-at X2_Salomon X2_Brothers X2_Incorporated X42_strategist X42_at X3_RIGHT
O O X0_Storer-Cable-Incorporated X11_parent-of X2_Storer X2_Cable X2_Incorporated X42_parent X42_of X3_RIGHT
O O X0_Computer X11_founder-of X42_founder X42_of X3_RIGHT
P O X0_Duskin X11_manager-at X42_manager X42_at X3_RIGHT
P O X0_Senator-Quayle X11_spokesman-for X2_Senator X2_Quayle X42_spokesman X42_for X3_RIGHT
null O X0_post-World-War X11_state-in X2_post-World X2_War X42_state X42_in X3_RIGHT
O P X0_Tyson-Foods X11_chairman-of X2_Tyson X2_Foods X42_chairman X42_of X3_RIGHT
L O X0_U.S. X11_production-in X42_production X42_in X6_ALLCAP2 X7_.. X3_RIGHT
O O X0_L.F.-Rothschild X11_analyst-with X2_L.F. X2_Rothschild X42_analyst X42_with X7_.. X3_RIGHT
O L X0_Congress X11_relationship-with X42_relationship X42_with X3_RIGHT
O L X0_Ficom-International X11_president-of X2_Ficom X2_International X42_president X42_of X3_RIGHT
O L X0_R.J.R.-Nabisco-Incorporated X11_bid-for X2_R.J.R. X2_Nabisco X2_Incorporated X42_bid X42_for X7_... X3_RIGHT
O O X0_Gulf X11_unit-of X42_unit X42_of X3_RIGHT
O O X0_Occidental-Petroleum-Corporation X11_director-of X2_Occidental X2_Petroleum X2_Corporation X42_director X42_of X3_RIGHT
L O X0_Mexico X11_statement-on X42_statement X42_on X3_RIGHT
null O X0_Pan X11_presence-of X42_presence X42_of X3_RIGHT
null L X0_AIDS X11_cure-for X42_cure X42_for X5_ALLCAP X3_RIGHT
L O X0_U.S. X11_growth-outside X42_growth X42_outside X6_ALLCAP2 X7_.. X3_RIGHT
L O X0_Montana X11_house-in X42_house X42_in X3_RIGHT
O O X0_Advanced-Genetic X11_merger-with X2_Advanced X2_Genetic X42_merger X42_with X3_RIGHT
L O X0_China X11_government-of X42_government X42_of X3_RIGHT
null O X0_Monday X11_gain-of X42_gain X42_of X3_RIGHT
P O X0_Emperor-Hirohito X11_health-of X2_Emperor X2_Hirohito X42_health X42_of X3_RIGHT
L O X0_Cleveland X11_appearance-in X42_appearance X42_in X3_RIGHT
L O X0_Austin X11_office-in X42_office X42_in X3_RIGHT
O O X0_Drexel-Burnham-Lambert-Incorporated X11_transaction-with X2_Drexel X2_Burnham X2_Lambert X2_Incorporated X42_transaction X42_with X3_RIGHT
O P X0_Saint-Paul X11_%-of X2_Saint X2_Paul X42_% X42_of X3_RIGHT
O O X0_Fed X11_move-by X42_move X42_by X3_RIGHT
null O X0_Palestinians X11_fate-of X42_fate X42_of X3_RIGHT
O O X0_Matthews X11_president-at X42_president X42_at X3_RIGHT
O O X0_N.I.H. X11_research-by X42_research X42_by X6_ALLCAP2 X7_... X3_RIGHT
O O X0_Asian-Wall-Street-Journal X11_editor-of X2_Asian X2_Wall X2_Street X2_Journal X42_editor X42_of X3_RIGHT
P P X0_Judge-Harold-Greene X11_approval-from X2_Judge X2_Harold X2_Greene X42_approval X42_from X3_RIGHT
O O X0_Democrats X11_shot-for X42_shot X42_for X3_RIGHT
L O X0_Dallas X11_Junior-in X42_Junior X42_in X3_RIGHT
null O X0_September X11_bid-in X42_bid X42_in X3_RIGHT
null P X0_Insurance X11_indictment-of X42_indictment X42_of X3_RIGHT
null O X0_Jeopardy X11_Put-in X42_Put X42_in X3_RIGHT
null O X0_May X11_drop-in X42_drop X42_in X3_RIGHT
O L X0_Dillard X11_acquisition-by X42_acquisition X42_by X3_RIGHT
L O X0_Milwaukee X11_rally-in X42_rally X42_in X3_RIGHT
null O X0_Islam X11_misreading-of X42_misreading X42_of X3_RIGHT
L O X0_Tokyo X11_intraday-in X42_intraday X42_in X3_RIGHT
O O X0_Aequitron-Medical-Incorporated X11_president-at X2_Aequitron X2_Medical X2_Incorporated X42_president X42_at X3_RIGHT
O L X0_Nantucket-Industries-Incorporated X11_bid-for X2_Nantucket X2_Industries X2_Incorporated X42_bid X42_for X3_RIGHT
null L X0_H.I.V. X11_risk-of X42_risk X42_of X6_ALLCAP2 X7_... X3_RIGHT
null O X0_U.S.A.-Weekend X11_publisher-of X2_U.S.A. X2_Weekend X42_publisher X42_of X7_... X3_RIGHT
O P X0_Finance-Committee X11_chairman-of X2_Finance X2_Committee X42_chairman X42_of X3_RIGHT
P O X0_Egyptian-President-Nasser X11_son-of X2_Egyptian X2_President X2_Nasser X42_son X42_of X3_RIGHT
P P X0_Mr.-Bushkin X11_help-from X2_Mr. X2_Bushkin X42_help X42_from X7_. X3_RIGHT
L P X0_Jackson X11_lawyer-in X42_lawyer X42_in X3_RIGHT
O O X0_Del-Monte X11_discussion-at X2_Del X2_Monte X42_discussion X42_at X3_RIGHT
O L X0_Campeau-Corporation X11_acquisition-by X2_Campeau X2_Corporation X42_acquisition X42_by X3_RIGHT
O O X0_D.G.-Bank X11_manager-at X2_D.G. X2_Bank X42_manager X42_at X7_.. X3_RIGHT
L O X0_Russia X11_wind-from X42_wind X42_from X3_RIGHT
L O X0_U.S. X11_consumption-in X42_consumption X42_in X6_ALLCAP2 X7_.. X3_RIGHT
P P X0_Henry-Kaufman X11_manager-of X2_Henry X2_Kaufman X42_manager X42_of X3_RIGHT
L L X0_Angola X11_withdrawal-from X42_withdrawal X42_from X3_RIGHT
L O X0_Japan X11_spot-for X42_spot X42_for X3_RIGHT
L O X0_South-Carolina X11_contract-for X2_South X2_Carolina X42_contract X42_for X3_RIGHT
null O X0_150-seat-A-320 X11_version-of X2_150-seat X2_A-320 X42_version X42_of X7_150320 X3_RIGHT
O O X0_American-Stock-Exchange X11_trading-on X2_American X2_Stock X2_Exchange X42_trading X42_on X3_RIGHT
null O X0_November X11_demonstration-against X42_demonstration X42_against X3_RIGHT
P O X0_Tommy-Hilfiger X11_ownership-of X2_Tommy X2_Hilfiger X42_ownership X42_of X3_RIGHT
O O X0_Financial-Select-Income-Fund X11_manager-for X2_Financial X2_Select X2_Income X2_Fund X42_manager X42_for X3_RIGHT
null L X0_Grovers-Mill X11_side-of X2_Grovers X2_Mill X42_side X42_of X3_RIGHT
null L X0_Transportation X11_subcommittee-on X42_subcommittee X42_on X3_RIGHT
O L X0_Data-Systems-Group X11_president-of X2_Data X2_Systems X2_Group X42_president X42_of X3_RIGHT
O O X0_American-Airlines X11_parent-of X2_American X2_Airlines X42_parent X42_of X3_RIGHT
O O X0_Bear-Stearns X11_president-at X2_Bear X2_Stearns X42_president X42_at X3_RIGHT
O O X0_M.I.T. X11_professor-at X42_professor X42_at X6_ALLCAP2 X7_... X3_RIGHT
O O X0_PaineWebber X11_director-of X42_director X42_of X3_RIGHT
O O X0_Donaldson X11_analyst-at X42_analyst X42_at X3_RIGHT
null O X0_Teddy-Ruxpin X11_purveyor-of X2_Teddy X2_Ruxpin X42_purveyor X42_of X3_RIGHT
null O X0_Pledge X11_legislation-on X42_legislation X42_on X3_RIGHT
O O X0_R.J.R. X11_plan-for X42_plan X42_for X6_ALLCAP2 X7_... X3_RIGHT
null L X0_August X11_%-in X42_% X42_in X3_RIGHT
O O X0_Hewlett-Packard X11_director-for X42_director X42_for X3_RIGHT
L L X0_Lake-Knickerbocker X11_fishing-on X2_Lake X2_Knickerbocker X42_fishing X42_on X3_RIGHT
O O X0_Freedom-Global-Income-Plus-Fund X11_manager-for X2_Freedom X2_Global X2_Income X2_Plus X2_Fund X42_manager X42_for X3_RIGHT
O O X0_Internal-Revenue-Service X11_investigation-by X2_Internal X2_Revenue X2_Service X42_investigation X42_by X3_RIGHT
P P X0_Robert-E.-Torray X11_president-of X2_Robert X2_E. X2_Torray X42_president X42_of X7_. X3_RIGHT
O L X0_Texaco-Incorporated X11_stock-in X2_Texaco X2_Incorporated X42_stock X42_in X3_RIGHT
O O X0_PaineWebber-Incorporated X11_analyst-with X2_PaineWebber X2_Incorporated X42_analyst X42_with X3_RIGHT
L L X0_Europe X11_rest-of X42_rest X42_of X3_RIGHT
L O X0_Wall-Street X11_disposition-of X2_Wall X2_Street X42_disposition X42_of X3_RIGHT
O O X0_Holly-Farms X11_merger-with X2_Holly X2_Farms X42_merger X42_with X3_RIGHT
O O X0_Kroger X11_president-of X42_president X42_of X3_RIGHT
L P X0_Hamilton-Road X11_house-on X2_Hamilton X2_Road X42_house X42_on X3_RIGHT
L O X0_Minnesota X11_mall-in X42_mall X42_in X3_RIGHT
O L X0_Soo-Line X11_interest-in X2_Soo X2_Line X42_interest X42_in X3_RIGHT
O O X0_Air-Line-Pilots-Association X11_chapter-of X2_Air X2_Line X2_Pilots X2_Association X42_chapter X42_of X3_RIGHT
O P X0_Dean-Witter-Reynolds-Incorporated X11_analyst-at X2_Dean X2_Witter X2_Reynolds X2_Incorporated X42_analyst X42_at X3_RIGHT
O O X0_Mentor-Graphics-Incorporated X11_executive-of X2_Mentor X2_Graphics X2_Incorporated X42_executive X42_of X3_RIGHT
L O X0_U.S. X11_attention-in X42_attention X42_in X6_ALLCAP2 X7_.. X3_RIGHT
O O X0_Merrill-Lynch X11_official-with X2_Merrill X2_Lynch X42_official X42_with X3_RIGHT
null O X0_Treasurys X11_rate-over X42_rate X42_over X3_RIGHT
O P X0_PacifiCorp X11_agreement-with X42_agreement X42_with X3_RIGHT
O L X0_G.T.E.-Corporation X11_venture-of X2_G.T.E. X2_Corporation X42_venture X42_of X7_... X3_RIGHT
O O X0_British-Labor-Party X11_way-of X2_British X2_Labor X2_Party X42_way X42_of X3_RIGHT
O P X0_U.S.-Equal-Employment-Opportunities-CoNNP X11_brief-by X2_U.S. X2_Equal X2_Employment X2_Opportunities X2_CoNNP X42_brief X42_by X7_.. X3_RIGHT
P P X0_Mr.-Dukakis X11_margin-over X2_Mr. X2_Dukakis X42_margin X42_over X7_. X3_RIGHT
O O X0_K.K.R. X11_spokesman-for X42_spokesman X42_for X6_ALLCAP2 X7_... X3_RIGHT
L P X0_San-Antonio X11_facility-in X2_San X2_Antonio X42_facility X42_in X3_RIGHT
L O X0_Florida X11_service-in X42_service X42_in X3_RIGHT
O O X0_Office X11_member-for X42_member X42_for X3_RIGHT
O P X0_Kleinwort-Benson-Government-SecuritiesNNPNNP X11_economist-at X2_Kleinwort X2_Benson X2_Government X2_SecuritiesNNPNNP X42_economist X42_at X3_RIGHT
L O X0_Texas X11_boy-in X42_boy X42_in X3_RIGHT
O O X0_Shearson-Lehman-Hutton X11_analyst-at X2_Shearson X2_Lehman X2_Hutton X42_analyst X42_at X3_RIGHT
L O X0_Gardez X11_city-of X42_city X42_of X3_RIGHT
O O X0_Senate X11_control-of X42_control X42_of X3_RIGHT
null O X0_T.P.A. X11_availability-of X42_availability X42_of X6_ALLCAP2 X7_... X3_RIGHT
O P X0_Bell-Atlantic-Mobile-Systems X11_director-at X2_Bell X2_Atlantic X2_Mobile X2_Systems X42_director X42_at X3_RIGHT
O O X0_Revenue-Department X11_counsel-of X2_Revenue X2_Department X42_counsel X42_of X3_RIGHT
L O X0_Kentucky X11_vehicle-in X42_vehicle X42_in X3_RIGHT
O O X0_Finansbank X11_manager-of X42_manager X42_of X3_RIGHT
O L X0_Allied-Lyons X11_shareholding-in X42_shareholding X42_in X3_RIGHT
L O X0_Washington X11_unit-in X42_unit X42_in X3_RIGHT
P P X0_Mr.-Trump X11_coup-for X2_Mr. X2_Trump X42_coup X42_for X7_. X3_RIGHT
O O X0_Alusit X11_venture-with X42_venture X42_with X3_RIGHT
O P X0_K.K.R. X11_agreement-between X42_agreement X42_between X6_ALLCAP2 X7_... X3_RIGHT
O O X0_Pace X11_holder-in X42_holder X42_in X3_RIGHT
O P X0_Krupp-Stahl-A.G. X11_chairman-of X2_Krupp X2_Stahl X2_A.G. X42_chairman X42_of X7_.. X3_RIGHT
null O X0_Burmese X11_reach-of X42_reach X42_of X3_RIGHT
O P X0_Carnegie-Endowment X11_member-at X2_Carnegie X2_Endowment X42_member X42_at X3_RIGHT
O L X0_AirTran-Corporation X11_unit-of X2_AirTran X2_Corporation X42_unit X42_of X3_RIGHT
L P X0_San-Francisco-City X11_officer-at X2_San X2_Francisco X2_City X42_officer X42_at X3_RIGHT
O O X0_Drexel X11_commitment-from X42_commitment X42_from X3_RIGHT
O O X0_Cohen X11_president-at X42_president X42_at X3_RIGHT
L L X0_New-Jersey X11_hurdle-in X2_New X2_Jersey X42_hurdle X42_in X3_RIGHT
O O X0_Hanson-P.L.C. X11_acquisition-from X2_Hanson X2_P.L.C. X42_acquisition X42_from X7_... X3_RIGHT
O O X0_Rent-Board X11_director-of X2_Rent X2_Board X42_director X42_of X3_RIGHT
O O X0_Scott X11_analyst-with X42_analyst X42_with X3_RIGHT
O O X0_Newmont X11_unit-of X42_unit X42_of X3_RIGHT
O L X0_Banxquote-Online X11_publisher-of X2_Banxquote X2_Online X42_publisher X42_of X3_RIGHT
O O X0_Cazenove X11_partner-at X42_partner X42_at X3_RIGHT
L O X0_Alaska X11_state-of X42_state X42_of X3_RIGHT
O L X0_Minorco X11_bid-from X42_bid X42_from X3_RIGHT
O O X0_Coca-Cola-Enterprises-Incorporated X11_leadership-from X2_Coca-Cola X2_Enterprises X2_Incorporated X42_leadership X42_from X3_RIGHT
P O X0_Japanese-Emperor-Hirohito X11_illness-of X2_Japanese X2_Emperor X2_Hirohito X42_illness X42_of X3_RIGHT
L L X0_Due-West X11_cafe-in X2_Due X2_West X42_cafe X42_in X3_RIGHT
O O X0_S.E.C. X11_counsel-for X42_counsel X42_for X6_ALLCAP2 X7_... X3_RIGHT
L L X0_Midland X11_speech-in X42_speech X42_in X3_RIGHT
O O X0_Coke X11_director-of X42_director X42_of X3_RIGHT
null O X0_Advanced-Tactical-Aircraft X11_contract-for X2_Advanced X2_Tactical X2_Aircraft X42_contract X42_for X3_RIGHT
L L X0_New-York X11_Company-of X2_New X2_York X42_Company X42_of X3_RIGHT
O O X0_Bailard-Biehl X11_firm-of X2_Bailard X2_Biehl X42_firm X42_of X3_RIGHT
null O X0_October X11_arm-of X42_arm X42_of X3_RIGHT
O L X0_New-England-Electric-System X11_director-at X2_New X2_England X2_Electric X2_System X42_director X42_at X3_RIGHT
O O X0_Journal X11_editor-of X42_editor X42_of X3_RIGHT
null L X0_Earth X11_face-of X42_face X42_of X3_RIGHT
L L X0_Japan X11_weekend-in X42_weekend X42_in X3_RIGHT
L O X0_Britain X11_decline-of X42_decline X42_of X3_RIGHT
O O X0_Atlantic-Entertainment X11_president-of X2_Atlantic X2_Entertainment X42_president X42_of X3_RIGHT
L L X0_Alberta X11_exception-of X42_exception X42_of X3_RIGHT
O P X0_Lipper-Analytical-Services-Incorporated X11_president-of X2_Lipper X2_Analytical X2_Services X2_Incorporated X42_president X42_of X3_RIGHT
O O X0_Shearson-Lehman-Hutton-Incorporated X11_director-at X2_Shearson X2_Lehman X2_Hutton X2_Incorporated X42_director X42_at X3_RIGHT
O L X0_New-York-Stock-Exchange X11_trading-on X2_New X2_York X2_Stock X2_Exchange X42_trading X42_on X3_RIGHT
O O X0_Securities X11_filing-with X42_filing X42_with X3_RIGHT
O L X0_Natural-Resources-Defense-Council X11_expert-at X2_Natural X2_Resources X2_Defense X2_Council X42_expert X42_at X3_RIGHT
O O X0_Texas-Air X11_stake-in X2_Texas X2_Air X42_stake X42_in X3_RIGHT
O O X0_Epeda-Bertrand-Faure-S.A. X11_stake-in X2_Epeda X2_Bertrand X2_Faure X2_S.A. X42_stake X42_in X7_.. X3_RIGHT
P P X0_George-Bush X11_problem-for X2_George X2_Bush X42_problem X42_for X3_RIGHT
L O X0_Alabama X11_acquisition-of X42_acquisition X42_of X3_RIGHT
P P X0_Monroe-Freedman X11_view-of X2_Monroe X2_Freedman X42_view X42_of X3_RIGHT
null O X0_October X11_date-for X42_date X42_for X3_RIGHT
L O X0_Fairfax X11_unit-in X42_unit X42_in X3_RIGHT
O O X0_Merrill-Lynch X11_analyst-at X2_Merrill X2_Lynch X42_analyst X42_at X3_RIGHT
O P X0_Communist-Party X11_chief-of X2_Communist X2_Party X42_chief X42_of X3_RIGHT
L L X0_Beijing X11_contract-in X42_contract X42_in X3_RIGHT
O O X0_American-Hereford-Association X11_headquarters-of X2_American X2_Hereford X2_Association X42_headquarters X42_of X3_RIGHT
O L X0_Hemlo X11_action-against X42_action X42_against X3_RIGHT
L O X0_Newark X11_court-in X42_court X42_in X3_RIGHT
O O X0_Citizens X11_fellow-at X42_fellow X42_at X3_RIGHT
P P X0_Mr.-Argyropoulos X11_attorney-for X2_Mr. X2_Argyropoulos X42_attorney X42_for X7_. X3_RIGHT
null L X0_Elle X11_history-of X42_history X42_of X3_RIGHT
O O X0_Bonner X11_planning-for X42_planning X42_for X3_RIGHT
L L X0_New-York X11_office-in X2_New X2_York X42_office X42_in X3_RIGHT
O L X0_Low-Vision-Products-Group X11_director-of X2_Low X2_Vision X2_Products X2_Group X42_director X42_of X3_RIGHT
O P X0_Smith-Kline X11_unit-of X2_Smith X2_Kline X42_unit X42_of X3_RIGHT
O O X0_C.L.-Alexanders-Laing-Cruickshank X11_analyst-at X2_C.L.-Alexanders X2_Laing X2_Cruickshank X42_analyst X42_at X7_.. X3_RIGHT
L O X0_N.J. X11_court-in X42_court X42_in X6_ALLCAP2 X7_.. X3_RIGHT
O O X0_State-Bar X11_president-of X2_State X2_Bar X42_president X42_of X3_RIGHT
L O X0_Detroit X11_crash-in X42_crash X42_in X3_RIGHT
O O X0_Commerzbank X11_pact-with X42_pact X42_with X3_RIGHT
L O X0_Berlin X11_team-in X42_team X42_in X3_RIGHT
O O X0_Mann-Judd-Landau X11_merger-with X2_Mann X2_Judd X2_Landau X42_merger X42_with X3_RIGHT
O O X0_Ford-Motor-Credit X11_manager-for X2_Ford X2_Motor X2_Credit X42_manager X42_for X3_RIGHT
O O X0_Pemex X11_contract-between X42_contract X42_between X3_RIGHT
L O X0_Hot-Springs X11_superintendent-in X2_Hot X2_Springs X42_superintendent X42_in X3_RIGHT
null O X0_Weekend X11_information-about X42_information X42_about X3_RIGHT
O O X0_Cedars-Sinai-Medical-Center X11_officer-of X2_Cedars X2_Sinai X2_Medical X2_Center X42_officer X42_of X3_RIGHT
O O X0_K.G.B. X11_combination-of X42_combination X42_of X6_ALLCAP2 X7_... X3_RIGHT
null O X0_Wedge X11_sale-by X42_sale X42_by X3_RIGHT
O O X0_United-Airlines X11_head-at X2_United X2_Airlines X42_head X42_at X3_RIGHT
O O X0_C.S.X.-Corporation X11_subsidiary-of X2_C.S.X. X2_Corporation X42_subsidiary X42_of X7_... X3_RIGHT
O O X0_Olympia X11_subsidiary-of X42_subsidiary X42_of X3_RIGHT
null O X0_September X11_gauge-for X42_gauge X42_for X3_RIGHT
O P X0_U.S.-League X11_economist-with X2_U.S. X2_League X42_economist X42_with X7_.. X3_RIGHT
O O X0_North-Arlington-Board X11_counselor-for X2_North X2_Arlington X2_Board X42_counselor X42_for X3_RIGHT
O O X0_Burger-King X11_inconsistency-at X2_Burger X2_King X42_inconsistency X42_at X3_RIGHT
null O X0_Nicaraguans X11_freedom-of X42_freedom X42_of X3_RIGHT
O O X0_American-Stock-Exchange X11_activity-with X2_American X2_Stock X2_Exchange X42_activity X42_with X3_RIGHT
L O X0_Central-Africa-Republic X11_entry-from X2_Central X2_Africa X2_Republic X42_entry X42_from X3_RIGHT
L O X0_U.S. X11_purpose-in X42_purpose X42_in X6_ALLCAP2 X7_.. X3_RIGHT
L O X0_Ireland X11_income-of X42_income X42_of X3_RIGHT
O P X0_Independent-Bankers-Associaton X11_president-of X2_Independent X2_Bankers X2_Associaton X42_president X42_of X3_RIGHT
O P X0_Centocor X11_effort-by X42_effort X42_by X3_RIGHT
L O X0_Japan X11_buyer-in X42_buyer X42_in X3_RIGHT
O L X0_New-York-Post X11_page-in X2_New X2_York X2_Post X42_page X42_in X3_RIGHT
O P X0_Dean-Witter-Reynolds-Incorporated X11_analyst-with X2_Dean X2_Witter X2_Reynolds X2_Incorporated X42_analyst X42_with X3_RIGHT
O P X0_Nomura-Research-Institute X11_economist-at X2_Nomura X2_Research X2_Institute X42_economist X42_at X3_RIGHT
O O X0_Tucker X11_broker-with X42_broker X42_with X3_RIGHT
O O X0_Sequa-Corporation X11_spokeswoman-for X2_Sequa X2_Corporation X42_spokeswoman X42_for X3_RIGHT
P P X0_American-Express-Company-Mr.-Safra X11_agreement-with X2_American X2_Express X2_Company X2_Mr. X2_Safra X42_agreement X42_with X7_. X3_RIGHT
L O X0_Nagorno-Karabakh X11_action-in X42_action X42_in X3_RIGHT
O P X0_McKinsey X11_consultant-with X42_consultant X42_with X3_RIGHT
O O X0_University X11_professor-at X42_professor X42_at X3_RIGHT
O P X0_Richard-A.-Shaw-Incorporated X11_acquisition-of X2_Richard X2_A. X2_Shaw X2_Incorporated X42_acquisition X42_of X7_. X3_RIGHT
O O X0_Southam X11_stake-in X42_stake X42_in X3_RIGHT
P P X0_Mr.-Gaubert X11_interest-in X2_Mr. X2_Gaubert X42_interest X42_in X7_. X3_RIGHT
L O X0_West X11_portion-of X42_portion X42_of X3_RIGHT
P L X0_Drew-Lewis X11_commission-with X2_Drew X2_Lewis X42_commission X42_with X3_RIGHT
L O X0_Malawi X11_nation-of X42_nation X42_of X3_RIGHT
O L X0_International-Business-Machines-CorporatiNNP X11_venture-of X2_International X2_Business X2_Machines X2_CorporatiNNP X42_venture X42_of X3_RIGHT
O P X0_Syntex-Corporation X11_agreement-with X2_Syntex X2_Corporation X42_agreement X42_with X3_RIGHT
O O X0_Merrill-Lynch X11_analyst-at X2_Merrill X2_Lynch X42_analyst X42_at X3_RIGHT
null L X0_Parliament X11_majority-in X42_majority X42_in X3_RIGHT
O O X0_University X11_dean-at X42_dean X42_at X3_RIGHT
O O X0_Ramada X11_spokesman-for X42_spokesman X42_for X3_RIGHT
O L X0_Onex-Packaging X11_interest-in X2_Onex X2_Packaging X42_interest X42_in X3_RIGHT
O O X0_P.C.I. X11_reaction-in X42_reaction X42_in X6_ALLCAP2 X7_... X3_RIGHT
O O X0_Drexel-Burnham-Lambert-Incorporated X11_offering-via X2_Drexel X2_Burnham X2_Lambert X2_Incorporated X42_offering X42_via X3_RIGHT
O O X0_Kroger X11_stake-in X42_stake X42_in X3_RIGHT
L O X0_Iran X11_border-in X42_border X42_in X3_RIGHT
O L X0_M.G.M.\/U.A. X11_turmoil-at X42_turmoil X42_at X7_...\/.. X3_RIGHT
O O X0_G.M. X11_venture-with X42_venture X42_with X6_ALLCAP2 X7_.. X3_RIGHT
O O X0_C.B.S. X11_stake-in X42_stake X42_in X6_ALLCAP2 X7_... X3_RIGHT
L O X0_Washington X11_filing-in X42_filing X42_in X3_RIGHT
L O X0_Fountain-Valley X11_hospital-in X2_Fountain X2_Valley X42_hospital X42_in X3_RIGHT
O O X0_Comfed-Bancorp X11_stake-in X2_Comfed X2_Bancorp X42_stake X42_in X3_RIGHT
O O X0_Commonwealth-Mortgage X11_partner-of X2_Commonwealth X2_Mortgage X42_partner X42_of X3_RIGHT
O O X0_Skaggs-Telecommunications-Service-IncorpoNNP X11_president-of X2_Skaggs X2_Telecommunications X2_Service X2_IncorpoNNP X42_president X42_of X3_RIGHT
O O X0_Montgomery-Securities X11_analyst-at X2_Montgomery X2_Securities X42_analyst X42_at X3_RIGHT
O L X0_Foreign-Press-Center X11_director-of X2_Foreign X2_Press X2_Center X42_director X42_of X3_RIGHT
L P X0_San-Diego X11_resort-outside X2_San X2_Diego X42_resort X42_outside X3_RIGHT
null P X0_Taurus-L. X11_price-of X2_Taurus X2_L. X42_price X42_of X7_. X3_RIGHT
P O X0_Charcot X11_pupil-of X42_pupil X42_of X3_RIGHT
O O X0_Borden-Incorporated X11_division-of X2_Borden X2_Incorporated X42_division X42_of X3_RIGHT
null O X0_June X11_rise-in X42_rise X42_in X3_RIGHT
P P X0_Mr.-Maxwell X11_letter-from X2_Mr. X2_Maxwell X42_letter X42_from X7_. X3_RIGHT
O O X0_MeraBank X11_unit-of X42_unit X42_of X3_RIGHT
O L X0_Micom-Systems-Incorporated X11_offer-for X2_Micom X2_Systems X2_Incorporated X42_offer X42_for X3_RIGHT
null O X0_March X11_leadership-in X42_leadership X42_in X3_RIGHT
L L X0_Japan X11_growth-in X42_growth X42_in X3_RIGHT
L L X0_Havana X11_middle-of X42_middle X42_of X3_RIGHT
L O X0_California X11_unit-in X42_unit X42_in X3_RIGHT
O O X0_National-Commission X11_director-of X2_National X2_Commission X42_director X42_of X3_RIGHT
O O X0_Credit-Lyonnais X11_subsidiary-of X2_Credit X2_Lyonnais X42_subsidiary X42_of X3_RIGHT
L O X0_Canada X11_Concern-in X42_Concern X42_in X3_RIGHT
null O X0_P.C.B.s X11_manufacture-of X42_manufacture X42_of X7_... X3_RIGHT
L L X0_Seoul X11_operator-in X42_operator X42_in X3_RIGHT
O L X0_Nissan-Motor X11_%-by X2_Nissan X2_Motor X42_% X42_by X3_RIGHT
L O X0_Quebec X11_audience-in X42_audience X42_in X3_RIGHT
O O X0_Hambrecht X11_head-at X42_head X42_at X3_RIGHT
O O X0_Organization X11_production-by X42_production X42_by X3_RIGHT
L O X0_Elbrus X11_summit-of X42_summit X42_of X3_RIGHT
L O X0_Panama X11_squeeze-on X42_squeeze X42_on X3_RIGHT
P O X0_Deputy-Labor-Minister-Victor-Collado X11_reckoning-of X2_Deputy X2_Labor X2_Minister X2_Victor X2_Collado X42_reckoning X42_of X3_RIGHT
O O X0_Prudential-Bache-Securities-Incorporated X11_analyst-at X2_Prudential-Bache X2_Securities X2_Incorporated X42_analyst X42_at X3_RIGHT
L O X0_London X11_deco-in X42_deco X42_in X3_RIGHT
L L X0_U.S. X11_investment-in X42_investment X42_in X6_ALLCAP2 X7_.. X3_RIGHT
O O X0_American-Stock-Exchange X11_trading-on X2_American X2_Stock X2_Exchange X42_trading X42_on X3_RIGHT
L O X0_Orient X11_bit-of X42_bit X42_of X3_RIGHT
O P X0_Detroit-News X11_agreement-between X2_Detroit X2_News X42_agreement X42_between X3_RIGHT
null O X0_World-War X11_end-of X2_World X2_War X42_end X42_of X3_RIGHT
null P X0_Ford-Motor-Company-Bronco X11_rate-of X2_Ford X2_Motor X2_Company X2_Bronco X42_rate X42_of X3_RIGHT
O O X0_Paribas X11_head-at X42_head X42_at X3_RIGHT
L O X0_Britain X11_war-with X42_war X42_with X3_RIGHT
P O X0_Senator-Howell-Heflin X11_lobbying-by X2_Senator X2_Howell X2_Heflin X42_lobbying X42_by X3_RIGHT
O O X0_Eldorado X11_spokesman-for X42_spokesman X42_for X3_RIGHT
O O X0_PrudentialBache-Securities-Incorporated X11_analyst-with X2_PrudentialBache X2_Securities X2_Incorporated X42_analyst X42_with X3_RIGHT
L O X0_Mexico X11_president-of X42_president X42_of X3_RIGHT
O O X0_Aimcor-Corporation X11_stake-in X2_Aimcor X2_Corporation X42_stake X42_in X3_RIGHT
L L X0_Swaziland X11_project-in X42_project X42_in X3_RIGHT
null O X0_July X11_end-of X42_end X42_of X3_RIGHT
O P X0_Assurances-de-Paris X11_chairman-of X2_Assurances X2_de X2_Paris X42_chairman X42_of X3_RIGHT
O O X0_Conference-Board X11_economist-at X2_Conference X2_Board X42_economist X42_at X3_RIGHT
O O X0_Gemcraft-Incorporated X11_%-of X2_Gemcraft X2_Incorporated X42_% X42_of X3_RIGHT
O O X0_Wickes X11_value-for X42_value X42_for X3_RIGHT
O O X0_Boeing X11_customer-for X42_customer X42_for X3_RIGHT
null O X0_Companion X11_editor-of X42_editor X42_of X3_RIGHT
O O X0_Swiss-Bank-Corporation X11_unit-of X2_Swiss X2_Bank X2_Corporation X42_unit X42_of X3_RIGHT
null O X0_June X11_deficit-in X42_deficit X42_in X3_RIGHT
null O X0_June X11_deficit-in X42_deficit X42_in X3_RIGHT
null O X0_Serbs X11_rally-in X42_rally X42_in X3_RIGHT
L L X0_Philadelphia X11_Company-of X42_Company X42_of X3_RIGHT
L O X0_Saigon X11_trailer-in X42_trailer X42_in X3_RIGHT
O O X0_K.G.B. X11_someone-in X42_someone X42_in X6_ALLCAP2 X7_... X3_RIGHT
O L X0_Data-Conversion X11_president-of X2_Data X2_Conversion X42_president X42_of X3_RIGHT
O O X0_C.I.A. X11_director-of X42_director X42_of X6_ALLCAP2 X7_... X3_RIGHT
L O X0_Latvia X11_domination-of X42_domination X42_of X3_RIGHT
O O X0_Chicago-Board X11_director-of X2_Chicago X2_Board X42_director X42_of X3_RIGHT
O P X0_Jackson-Opera-Guild X11_president-of X2_Jackson X2_Opera X2_Guild X42_president X42_of X3_RIGHT
L L X0_New-York X11_operation-in X2_New X2_York X42_operation X42_in X3_RIGHT
L L X0_Paris X11_liberation-of X42_liberation X42_of X3_RIGHT
L O X0_France X11_production-in X42_production X42_in X3_RIGHT
O P X0_F.T.C. X11_battle-with X42_battle X42_with X6_ALLCAP2 X7_... X3_RIGHT
O P X0_Samoth-Capital-Corporation X11_chairman-of X2_Samoth X2_Capital X2_Corporation X42_chairman X42_of X3_RIGHT
L L X0_U.S. X11_competition-in X42_competition X42_in X6_ALLCAP2 X7_.. X3_RIGHT
O P X0_Blue-Cross X11_contracting-with X2_Blue X2_Cross X42_contracting X42_with X3_RIGHT
O O X0_Public-Citizen-Litigation-Group X11_lawyer-with X2_Public X2_Citizen X2_Litigation X2_Group X42_lawyer X42_with X3_RIGHT
L O X0_Tokyo X11_trading-in X42_trading X42_in X3_RIGHT
O O X0_Congress X11_performance-in X42_performance X42_in X3_RIGHT
O P X0_Republican-Party X11_control-of X2_Republican X2_Party X42_control X42_of X3_RIGHT
O O X0_Democrats X11_spectacle-of X42_spectacle X42_of X3_RIGHT
null L X0_Reaganomics X11_debate-over X42_debate X42_over X3_RIGHT
null O X0_G.N.P. X11_percent-of X42_percent X42_of X6_ALLCAP2 X7_... X3_RIGHT
O O X0_Spear-Leeds X11_attorney-for X2_Spear X2_Leeds X42_attorney X42_for X3_RIGHT
O O X0_PacificCorp-Credit-Incorporated X11_officer-of X2_PacificCorp X2_Credit X2_Incorporated X42_officer X42_of X3_RIGHT
O O X0_Calan X11_unit-under X42_unit X42_under X3_RIGHT
null O X0_Knowledge-Navigator X11_mock-up-of X2_Knowledge X2_Navigator X42_mock-up X42_of X3_RIGHT
O O X0_Pechiney-Group X11_unit-of X2_Pechiney X2_Group X42_unit X42_of X3_RIGHT
O L X0_New-Jersey-Highway-Authority X11_manager-for X2_New X2_Jersey X2_Highway X2_Authority X42_manager X42_for X3_RIGHT
O O X0_Pioneer-Savings X11_unit-of X2_Pioneer X2_Savings X42_unit X42_of X3_RIGHT
null O X0_Americans X11_mass-of X42_mass X42_of X3_RIGHT
P P X0_Alexander X11_assassination-of X42_assassination X42_of X3_RIGHT
O O X0_Chase-Manhattan-Securities X11_economist-at X2_Chase X2_Manhattan X2_Securities X42_economist X42_at X3_RIGHT
O O X0_Waldenbooks X11_venture-with X42_venture X42_with X3_RIGHT
O P X0_American-Express X11_president-at X2_American X2_Express X42_president X42_at X3_RIGHT
P O X0_Jeane-Kirkpatrick X11_guest-like X2_Jeane X2_Kirkpatrick X42_guest X42_like X3_RIGHT
null L X0_Plaza X11_offer-for X42_offer X42_for X3_RIGHT
null O X0_Assembly-Friday X11_session-of X2_Assembly X2_Friday X42_session X42_of X3_RIGHT
O P X0_U.S.-Golf-Association X11_president-of X2_U.S. X2_Golf X2_Association X42_president X42_of X7_.. X3_RIGHT
O O X0_Army X11_direction-from X42_direction X42_from X3_RIGHT
O O X0_Gillette X11_spokesman-for X42_spokesman X42_for X3_RIGHT
O O X0_Broich-Martinka-Realty-Incorporated X11_president-of X2_Broich-Martinka X2_Realty X2_Incorporated X42_president X42_of X3_RIGHT
O O X0_Grand-Metropolitan-P.L.C. X11_subsidiary-of X2_Grand X2_Metropolitan X2_P.L.C. X42_subsidiary X42_of X7_... X3_RIGHT
O O X0_Memorial-Sloan-Kettering-Cancer-ResearchNNNP X11_staff-at X2_Memorial X2_Sloan-Kettering X2_Cancer X2_ResearchNNNP X42_staff X42_at X3_RIGHT
O O X0_Swaine X11_firm-of X42_firm X42_of X3_RIGHT
O O X0_Merrill-Lynch X11_analyst-with X2_Merrill X2_Lynch X42_analyst X42_with X3_RIGHT
L O X0_Michigan X11_consolidation-of X42_consolidation X42_of X3_RIGHT
O O X0_Republicans X11_mold-of X42_mold X42_of X3_RIGHT
O P X0_Dean-Witter-Reynolds-Incorporated X11_analyst-with X2_Dean X2_Witter X2_Reynolds X2_Incorporated X42_analyst X42_with X3_RIGHT
O O X0_Cable-T.V. X11_officer-of X2_Cable X2_T.V. X42_officer X42_of X7_.. X3_RIGHT
O O X0_Bank X11_manager-at X42_manager X42_at X3_RIGHT
O O X0_Chicago-Tribune X11_columnist-for X2_Chicago X2_Tribune X42_columnist X42_for X3_RIGHT
O O X0_Libby-Perszyx-Kathman X11_partner-in X2_Libby X2_Perszyx X2_Kathman X42_partner X42_in X3_RIGHT
O L X0_Kansas-City-Southern X11_judgment-against X2_Kansas X2_City X2_Southern X42_judgment X42_against X3_RIGHT
O P X0_Carrian-Group X11_chairman-of X2_Carrian X2_Group X42_chairman X42_of X3_RIGHT
O L X0_I.C.C. X11_approval-of X42_approval X42_of X6_ALLCAP2 X7_... X3_RIGHT
O P X0_Knight-Ridder X11_effort-by X42_effort X42_by X3_RIGHT
L O X0_Iraq X11_war-between X42_war X42_between X3_RIGHT
O O X0_National-Organization X11_committee-of X2_National X2_Organization X42_committee X42_of X3_RIGHT
O P X0_Merrill-Lynch X11_economist-of X2_Merrill X2_Lynch X42_economist X42_of X3_RIGHT
L O X0_Miami X11_station-in X42_station X42_in X3_RIGHT
P P X0_Irwin-L.-Jacobs X11_proposal-by X2_Irwin X2_L. X2_Jacobs X42_proposal X42_by X7_. X3_RIGHT
O O X0_N.C.N.B. X11_executive-at X42_executive X42_at X6_ALLCAP2 X7_.... X3_RIGHT
L L X0_Michigan X11_%-in X42_% X42_in X3_RIGHT
O O X0_University X11_retailing-at X42_retailing X42_at X3_RIGHT
O O X0_Shell-Italia X11_venture-with X2_Shell X2_Italia X42_venture X42_with X3_RIGHT
L O X0_Middle-East X11_peace-in X2_Middle X2_East X42_peace X42_in X3_RIGHT
null O X0_Earth X11_life-beyond X42_life X42_beyond X3_RIGHT
O O X0_Mclean-McCarthy-Limited X11_control-of X2_Mclean X2_McCarthy X2_Limited X42_control X42_of X3_RIGHT
O P X0_Kemper-Group X11_officer-of X2_Kemper X2_Group X42_officer X42_of X3_RIGHT
O O X0_Evergreen-Helicopters-Incorporated X11_president-of X2_Evergreen X2_Helicopters X2_Incorporated X42_president X42_of X3_RIGHT
L O X0_Lisburn X11_town-of X42_town X42_of X3_RIGHT
P O X0_Aliotos X11_suit-against X42_suit X42_against X3_RIGHT
L O X0_Jacksonville X11_court-in X42_court X42_in X3_RIGHT
L P X0_San-Giovanni-Evangelista X11_art-at X2_San X2_Giovanni X2_Evangelista X42_art X42_at X3_RIGHT
P P X0_Lee-Teng-hui X11_order-for X2_Lee X2_Teng-hui X42_order X42_for X3_RIGHT
L L X0_France X11_plant-in X42_plant X42_in X3_RIGHT
null O X0_July X11_rain-in X42_rain X42_in X3_RIGHT
L O X0_Iran X11_war-with X42_war X42_with X3_RIGHT
O O X0_Xerox-Corporation X11_unit-of X2_Xerox X2_Corporation X42_unit X42_of X3_RIGHT
P P X0_George-McGovern X11_right-of X2_George X2_McGovern X42_right X42_of X3_RIGHT
L P X0_U.S. X11_view-of X42_view X42_of X6_ALLCAP2 X7_.. X3_RIGHT
O O X0_United-Airlines X11_parent-of X2_United X2_Airlines X42_parent X42_of X3_RIGHT
L L X0_Newmarket X11_plant-in X42_plant X42_in X3_RIGHT
null L X0_May X11_%-in X42_% X42_in X3_RIGHT
O O X0_United-Parcel-Service X11_assault-on X2_United X2_Parcel X2_Service X42_assault X42_on X3_RIGHT
L O X0_Stanhope-Hotel X11_apartment-in X2_Stanhope X2_Hotel X42_apartment X42_in X3_RIGHT
L P X0_La-Jolla X11_home-in X2_La X2_Jolla X42_home X42_in X3_RIGHT
L P X0_Southeast-Asia X11_competition-from X2_Southeast X2_Asia X42_competition X42_from X3_RIGHT
null O X0_Reagan-White-House X11_speechwriter-from X2_Reagan X2_White X2_House X42_speechwriter X42_from X3_RIGHT
null L X0_June X11_%-in X42_% X42_in X3_RIGHT
null O X0_Soviet-Jews X11_total-of X2_Soviet X2_Jews X42_total X42_of X3_RIGHT
L L X0_Germany X11_part-of X42_part X42_of X3_RIGHT
P O X0_Ed-Meese X11_hole-against X2_Ed X2_Meese X42_hole X42_against X3_RIGHT
O O X0_Merrill-Lynch X11_specialist-at X2_Merrill X2_Lynch X42_specialist X42_at X3_RIGHT
O O X0_Oppenheimer X11_strategist-at X42_strategist X42_at X3_RIGHT
P O X0_Bush X11_%-over X42_% X42_over X3_RIGHT
O O X0_N.B.C. X11_move-by X42_move X42_by X6_ALLCAP2 X7_... X3_RIGHT
O O X0_Daily-News X11_editor-of X2_Daily X2_News X42_editor X42_of X3_RIGHT
O O X0_University X11_professor-at X42_professor X42_at X3_RIGHT
O O X0_Southmark-Corporation X11_president-of X2_Southmark X2_Corporation X42_president X42_of X3_RIGHT
L O X0_Montgomery X11_unit-of X42_unit X42_of X3_RIGHT
L L X0_Hawaii X11_exile-in X42_exile X42_in X3_RIGHT
O O X0_Read X11_analyst-for X42_analyst X42_for X3_RIGHT
null O X0_May X11_level-since X42_level X42_since X3_RIGHT
O L X0_Gandalf-Technologies-Incorporated X11_attempt-by X2_Gandalf X2_Technologies X2_Incorporated X42_attempt X42_by X3_RIGHT
null O X0_Poultry X11_hearing-about X42_hearing X42_about X3_RIGHT
O P X0_D'Arcy-Masius-Benton X11_director-at X2_D'Arcy X2_Masius X2_Benton X42_director X42_at X7_' X3_RIGHT
null O X0_Navajo X11_demonstration-of X42_demonstration X42_of X3_RIGHT
L L X0_New-York X11_price-in X2_New X2_York X42_price X42_in X3_RIGHT
O O X0_Canadian-Technical-Tape-Limited X11_spokesman-for X2_Canadian X2_Technical X2_Tape X2_Limited X42_spokesman X42_for X3_RIGHT
P O X0_Rostenkowski X11_name-like X42_name X42_like X3_RIGHT
O O X0_Bass-Group X11_spokesman-for X2_Bass X2_Group X42_spokesman X42_for X3_RIGHT
O O X0_Coner-Peripherals-Incorporated X11_stake-in X2_Coner X2_Peripherals X2_Incorporated X42_stake X42_in X3_RIGHT
null O X0_September X11_sale-on X42_sale X42_on X3_RIGHT
O O X0_Coniston-Partners X11_contest-against X2_Coniston X2_Partners X42_contest X42_against X3_RIGHT
L L X0_Austria X11_%-in X42_% X42_in X3_RIGHT
L L X0_Hong-Kong X11_%-in X2_Hong X2_Kong X42_% X42_in X3_RIGHT
O P X0_Williamsburgh-Savings-Bank X11_chairman-of X2_Williamsburgh X2_Savings X2_Bank X42_chairman X42_of X3_RIGHT
L O X0_Syria X11_attack-by X42_attack X42_by X3_RIGHT
L L X0_Africa X11_vaccine-in X42_vaccine X42_in X3_RIGHT
P P X0_Ms.-Lowenthal X11_work-for X2_Ms. X2_Lowenthal X42_work X42_for X7_. X3_RIGHT
P P X0_Saint-Paul X11_painting-of X2_Saint X2_Paul X42_painting X42_of X3_RIGHT
null P X0_Finlandization X11_version-of X42_version X42_of X3_RIGHT
null O X0_Head X11_construction-of X42_construction X42_of X3_RIGHT
null P X0_Football-Hall X11_director-for X2_Football X2_Hall X42_director X42_for X3_RIGHT
L O X0_Washington X11_dialogue-with X42_dialogue X42_with X3_RIGHT
O L X0_Banxquote-Online X11_publisher-of X2_Banxquote X2_Online X42_publisher X42_of X3_RIGHT
L O X0_Netherlands X11_rebellion-in X42_rebellion X42_in X3_RIGHT
L P X0_Athens X11_lawyer-in X42_lawyer X42_in X3_RIGHT
O O X0_Young X11_president-of X42_president X42_of X3_RIGHT
null L X0_Treasuries X11_rate-of X42_rate X42_of X3_RIGHT
P P X0_Chairman-Michael-Eisner X11_appointment-of X2_Chairman X2_Michael X2_Eisner X42_appointment X42_of X3_RIGHT
null P X0_U.S.-downing-July X11_distress-over X2_U.S. X2_downing X2_July X42_distress X42_over X7_.. X3_RIGHT
L L X0_Brazil X11_action-against X42_action X42_against X3_RIGHT
O O X0_distiller-Guinness-P.L.C. X11_cooperation-with X2_distiller X2_Guinness X2_P.L.C. X42_cooperation X42_with X7_... X3_RIGHT
O O X0_Revco X11_performance-of X42_performance X42_of X3_RIGHT
P O X0_Dmitri-Prigov X11_drawing-by X2_Dmitri X2_Prigov X42_drawing X42_by X3_RIGHT
O P X0_Data-General-Corporation X11_executive-with X2_Data X2_General X2_Corporation X42_executive X42_with X3_RIGHT
L O X0_California X11_fund-raiser-in X42_fund-raiser X42_in X3_RIGHT
null L X0_May X11_%-in X42_% X42_in X3_RIGHT
O P X0_Robinson X11_chairman-of X42_chairman X42_of X3_RIGHT
L O X0_Newport-Beach X11_Company-in X2_Newport X2_Beach X42_Company X42_in X3_RIGHT
L L X0_Asia X11_tour-of X42_tour X42_of X3_RIGHT
P O X0_Isaac-Bashevis-Singer X11_look-at X2_Isaac X2_Bashevis X2_Singer X42_look X42_at X3_RIGHT
null O X0_May X11_spokesman-for X42_spokesman X42_for X3_RIGHT
O L X0_Army X11_stint-in X42_stint X42_in X3_RIGHT
L O X0_South X11_confidence-of X42_confidence X42_of X3_RIGHT
null O X0_August X11_deficit-in X42_deficit X42_in X3_RIGHT
O L X0_New-York-Stock-Exchange X11_trading-on X2_New X2_York X2_Stock X2_Exchange X42_trading X42_on X3_RIGHT
L O X0_Turkey X11_example-of X42_example X42_of X3_RIGHT
O O X0_Pemex-Union X11_head-of X2_Pemex X2_Union X42_head X42_of X3_RIGHT
null O X0_mid-September X11_floor-in X42_floor X42_in X3_RIGHT
O O X0_Kodak X11_news-for X42_news X42_for X3_RIGHT
O O X0_Ministry X11_post-at X42_post X42_at X3_RIGHT
null O X0_Factor X11_market-for X42_market X42_for X3_RIGHT
O O X0_Goodtab X11_bid-by X42_bid X42_by X3_RIGHT
L O X0_Duisburg X11_barracks-in X42_barracks X42_in X3_RIGHT
L O X0_Manhattan X11_attorney-for X42_attorney X42_for X3_RIGHT
L P X0_Korea X11_pressure-on X42_pressure X42_on X3_RIGHT
P P X0_John-M.-Taylor X11_letter-from X2_John X2_M. X2_Taylor X42_letter X42_from X7_. X3_RIGHT
O O X0_Justice-Department X11_departure-from X2_Justice X2_Department X42_departure X42_from X3_RIGHT
O P X0_Senate-Finance-Committee X11_chairmanship-of X2_Senate X2_Finance X2_Committee X42_chairmanship X42_of X3_RIGHT
P P X0_Mr.-Lee X11_relationship-with X2_Mr. X2_Lee X42_relationship X42_with X7_. X3_RIGHT
O O X0_Unisys X11_problem-for X42_problem X42_for X3_RIGHT
L O X0_Smithfield X11_spokesman-for X42_spokesman X42_for X3_RIGHT
null O X0_Penrod X11_foreman-aboard X42_foreman X42_aboard X3_RIGHT
null O X0_Education-Improvement-Act X11_architect-of X2_Education X2_Improvement X2_Act X42_architect X42_of X3_RIGHT
O O X0_C.N.W. X11_president-of X42_president X42_of X6_ALLCAP2 X7_... X3_RIGHT
null O X0_Martinis X11_proposal-by X42_proposal X42_by X3_RIGHT
null O X0_R.&D. X11_focus-on X42_focus X42_on X7_.&. X3_RIGHT
null O X0_Saudis X11_weaponry-by X42_weaponry X42_by X3_RIGHT
null O X0_Postal-Service X11_restriction-on X2_Postal X2_Service X42_restriction X42_on X3_RIGHT
null O X0_Kefauver-Amendment X11_requirement-of X2_Kefauver X2_Amendment X42_requirement X42_of X3_RIGHT
L L X0_West-52nd-Street X11_lot-on X2_West X2_52nd X2_Street X42_lot X42_on X7_52 X3_RIGHT
O O X0_Division X11_director-of X42_director X42_of X3_RIGHT
O P X0_General-Foods X11_president-of X2_General X2_Foods X42_president X42_of X3_RIGHT
O O X0_Bruyette X11_director-of X42_director X42_of X3_RIGHT
P P X0_Henry-W.-Lorin X11_resignation-of X2_Henry X2_W. X2_Lorin X42_resignation X42_of X7_. X3_RIGHT
O O X0_Deutsche-Airbus X11_%-of X2_Deutsche X2_Airbus X42_% X42_of X3_RIGHT
L O X0_China X11_trade-in X42_trade X42_in X3_RIGHT
P O X0_Attorney-General-Edwin-Meese X11_successor-for X2_Attorney X2_General X2_Edwin X2_Meese X42_successor X42_for X3_RIGHT
L O X0_Champa X11_line-in X42_line X42_in X3_RIGHT
null O X0_H.M.S.-Victory X11_quarterdeck-of X2_H.M.S. X2_Victory X42_quarterdeck X42_of X7_... X3_RIGHT
O L X0_Damon X11_share-of X42_share X42_of X3_RIGHT
L O X0_Seoul X11_security-around X42_security X42_around X3_RIGHT
null O X0_Asian-Games X11_eve-of X2_Asian X2_Games X42_eve X42_of X3_RIGHT
O P X0_United-Electrical X11_board-of X2_United X2_Electrical X42_board X42_of X3_RIGHT
null O X0_G.N.P. X11_%-of X42_% X42_of X6_ALLCAP2 X7_... X3_RIGHT
L O X0_Kansas X11_hospital-in X42_hospital X42_in X3_RIGHT
null O X0_December X11_publication-in X42_publication X42_in X3_RIGHT
O O X0_Generale-de-Belgique X11_control-of X2_Generale X2_de X2_Belgique X42_control X42_of X3_RIGHT
O O X0_Chicago-Merc X11_trader-at X2_Chicago X2_Merc X42_trader X42_at X3_RIGHT
null O X0_May X11_end-of X42_end X42_of X3_RIGHT
O P X0_Harris-Upham X11_analyst-with X2_Harris X2_Upham X42_analyst X42_with X3_RIGHT
null O X0_March X11_testimony-of X42_testimony X42_of X3_RIGHT
L O X0_Haifa X11_architect-from X42_architect X42_from X3_RIGHT
P O X0_Jorge-Schiaffino X11_visit-by X2_Jorge X2_Schiaffino X42_visit X42_by X3_RIGHT
P O X0_Henry-Hudson X11_office-of X2_Henry X2_Hudson X42_office X42_of X3_RIGHT
O O X0_McKinsey X11_director-of X42_director X42_of X3_RIGHT
O P X0_Kemper-Financial-Services X11_economist-at X2_Kemper X2_Financial X2_Services X42_economist X42_at X3_RIGHT
L L X0_New-York X11_court-in X2_New X2_York X42_court X42_in X3_RIGHT
O L X0_Citadel-Holding-Corporation X11_room-of X2_Citadel X2_Holding X2_Corporation X42_room X42_of X3_RIGHT
L O X0_Ontario X11_issue-in X42_issue X42_in X3_RIGHT
O O X0_Northwest-Airlines X11_parent-of X2_Northwest X2_Airlines X42_parent X42_of X3_RIGHT
O O X0_Weather-Services-Corporation X11_president-of X2_Weather X2_Services X2_Corporation X42_president X42_of X3_RIGHT
L L X0_Canada X11_Company-of X42_Company X42_of X3_RIGHT
O O X0_Borg-Warner-Corporation-York-InternationaNNP X11_unit-of X2_Borg-Warner X2_Corporation X2_York X2_InternationaNNP X42_unit X42_of X3_RIGHT
O O X0_Lockheed-Corporation X11_unit-of X2_Lockheed X2_Corporation X42_unit X42_of X3_RIGHT
null O X0_Conservative-Digest X11_editor-of X2_Conservative X2_Digest X42_editor X42_of X3_RIGHT
O O X0_I.B.M. X11_meeting-with X42_meeting X42_with X6_ALLCAP2 X7_... X3_RIGHT
O O X0_Unisys X11_consultant-for X42_consultant X42_for X3_RIGHT
L P X0_O'Hare X11_runway-at X42_runway X42_at X7_' X3_RIGHT
O L X0_House-Energy X11_chairman-of X2_House X2_Energy X42_chairman X42_of X3_RIGHT
O P X0_Social-Democratic-Party X11_formation-of X2_Social X2_Democratic X2_Party X42_formation X42_of X3_RIGHT
O P X0_Cadre X11_chairman-of X42_chairman X42_of X3_RIGHT
P O X0_William X11_partnership-of X42_partnership X42_of X3_RIGHT
O O X0_Merrill-Lynch-Capital-Markets X11_analyst-at X2_Merrill X2_Lynch X2_Capital X2_Markets X42_analyst X42_at X3_RIGHT
O O X0_Ministry X11_plan-of X42_plan X42_of X3_RIGHT
L L X0_Belt-Parkway X11_side-of X2_Belt X2_Parkway X42_side X42_of X3_RIGHT
O O X0_Cato-Institute X11_control-for X2_Cato X2_Institute X42_control X42_for X3_RIGHT
P P X0_warmth-surrounds-Mr.-Carter X11_bubble-of X2_warmth X2_surrounds X2_Mr. X2_Carter X42_bubble X42_of X7_. X3_RIGHT
O O X0_Integrated-Waste-Systems X11_subsidiary-of X2_Integrated X2_Waste X2_Systems X42_subsidiary X42_of X3_RIGHT
P P X0_Mr.-Rainwater X11_spokesman-for X2_Mr. X2_Rainwater X42_spokesman X42_for X7_. X3_RIGHT
O O X0_Farmers X11_spokesman-for X42_spokesman X42_for X3_RIGHT
null L X0_World-Economic-Summit X11_conclusion-of X2_World X2_Economic X2_Summit X42_conclusion X42_of X3_RIGHT
L L X0_New-York X11_headquarters-in X2_New X2_York X42_headquarters X42_in X3_RIGHT
P P X0_Herbert-K.-Schnall X11_retirement-of X2_Herbert X2_K. X2_Schnall X42_retirement X42_of X7_. X3_RIGHT
O O X0_Peat-Marwick-Main X11_firm-of X2_Peat X2_Marwick X2_Main X42_firm X42_of X3_RIGHT
P P X0_Mr.-de-Carmoy X11_appointment-of X2_Mr. X2_de X2_Carmoy X42_appointment X42_of X7_. X3_RIGHT
L O X0_Gaborone X11_raid-on X42_raid X42_on X3_RIGHT
L O X0_Mehran X11_village-of X42_village X42_of X3_RIGHT
null O X0_Nilson-Report X11_president-at X2_Nilson X2_Report X42_president X42_at X3_RIGHT
O O X0_Cleveland-Cliffs-Incorporated X11_stake-in X2_Cleveland-Cliffs X2_Incorporated X42_stake X42_in X3_RIGHT
O O X0_W.Z.T.V. X11_price-of X42_price X42_of X6_ALLCAP2 X7_.... X3_RIGHT
L L X0_New-Delhi X11_bomb-in X2_New X2_Delhi X42_bomb X42_in X3_RIGHT
O O X0_KSL-A.M. X11_manager-at X42_manager X42_at X7_.. X3_RIGHT
O L X0_Congress X11_everyone-in X42_everyone X42_in X3_RIGHT
null O X0_Scene X11_End-of X42_End X42_of X3_RIGHT
null O X0_September X11_meeting-for X42_meeting X42_for X3_RIGHT
O O X0_Rinfret-Futures-Incorporated X11_director-of X2_Rinfret X2_Futures X2_Incorporated X42_director X42_of X3_RIGHT
null O X0_March X11_increase-in X42_increase X42_in X3_RIGHT
P O X0_Air-Force-General-Matthei X11_member-of X2_Air X2_Force X2_General X2_Matthei X42_member X42_of X3_RIGHT
O P X0_House-Ways X11_chairman-of X2_House X2_Ways X42_chairman X42_of X3_RIGHT
L O X0_Michigan X11_state-of X42_state X42_of X3_RIGHT
L L X0_New-York X11_state-of X2_New X2_York X42_state X42_of X3_RIGHT
P P X0_J.-Walter-Thompson X11_business-for X2_J. X2_Walter X2_Thompson X42_business X42_for X7_. X3_RIGHT
L O X0_Florida X11_state-of X42_state X42_of X3_RIGHT
null O X0_Camelot X11_legend-of X42_legend X42_of X3_RIGHT
L L X0_Australia X11_family-of X42_family X42_of X3_RIGHT
O O X0_Worthington X11_firm-of X42_firm X42_of X3_RIGHT
L O X0_U.S. X11_surplus-with X42_surplus X42_with X6_ALLCAP2 X7_.. X3_RIGHT
null O X0_Disarmament X11_Session-on X42_Session X42_on X3_RIGHT

Accuracy: 0.6465222348916762
